This is pdfTeX, Version 3.1415926-2.5-1.40.14 (TeX Live 2013) (format=pdflatex 2013.5.30)  25 APR 2014 15:59
entering extended mode
 restricted \write18 enabled.
 file:line:error style messages enabled.
 %&-line parsing enabled.
**iCanScript-User-Guide.tex
(./iCanScript-User-Guide.tex
LaTeX2e <2011/06/27>
Babel <3.9f> and hyphenation patterns for 78 languages loaded.
(./mmd-scrivcustom-header.tex (../latex/mmd-icanscript-user-guide-header.tex
(/usr/local/texlive/2013/texmf-dist/tex/latex/memoir/memoir.cls
Document Class: memoir 2013/05/22 v3.7 configurable book, report, article docum
ent class
\onelineskip=\skip41
\lxvchars=\skip42
\xlvchars=\skip43
\@memcnta=\count79
\c@@memmarkcntra=\count80
(/usr/local/texlive/2013/texmf-dist/tex/generic/oberdiek/ifpdf.sty
Package: ifpdf 2011/01/30 v2.3 Provides the ifpdf switch (HO)
Package ifpdf Info: pdfTeX in PDF mode is detected.
)
(/usr/local/texlive/2013/texmf-dist/tex/latex/ifetex/ifetex.sty
Package: ifetex 2011/12/15 v1.2 ifetex

(/usr/local/texlive/2013/texmf-dist/tex/plain/ifetex/ifetex.tex))
(/usr/local/texlive/2013/texmf-dist/tex/generic/ifxetex/ifxetex.sty
Package: ifxetex 2010/09/12 v0.6 Provides ifxetex conditional
)
(/usr/local/texlive/2013/texmf-dist/tex/generic/oberdiek/ifluatex.sty
Package: ifluatex 2010/03/01 v1.3 Provides the ifluatex switch (HO)
Package ifluatex Info: LuaTeX not detected.
)
\stockheight=\skip44
\stockwidth=\skip45
\trimtop=\skip46
\trimedge=\skip47

(/usr/local/texlive/2013/texmf-dist/tex/latex/etex-pkg/etex.sty
Package: etex 1998/03/26 v2.0 eTeX basic definition package (PEB)
\et@xins=\count81
)
(/usr/local/texlive/2013/texmf-dist/tex/latex/memoir/mem10.clo
File: mem10.clo 2008/01/30 v0.3 memoir class 10pt size option
)
\binding=\skip48
\spinemargin=\skip49
\foremargin=\skip50
\uppermargin=\skip51
\lowermargin=\skip52
\headdrop=\skip53
\normalrulethickness=\skip54
\mem@maxheadheight=\skip55
\mem@maxfootheight=\skip56
\headwidth=\skip57
\c@storedpagenumber=\count82
\memPD=\dimen102
\m@mabparskip=\skip58
\thanksmarkwidth=\skip59
\thanksmarksep=\skip60
\droptitle=\skip61
\c@book=\count83
\c@part=\count84
\c@chapter=\count85
\c@section=\count86
\c@subsection=\count87
\c@subsubsection=\count88
\c@paragraph=\count89
\c@subparagraph=\count90
\beforechapskip=\skip62
\midchapskip=\skip63
\afterchapskip=\skip64
\chapindent=\skip65
\bottomsectionskip=\skip66
\secindent=\skip67
\beforesecskip=\skip68
\aftersecskip=\skip69
\subsecindent=\skip70
\beforesubsecskip=\skip71
\aftersubsecskip=\skip72
\subsubsecindent=\skip73
\beforesubsubsecskip=\skip74
\aftersubsubsecskip=\skip75
\paraindent=\skip76
\beforeparaskip=\skip77
\afterparaskip=\skip78
\subparaindent=\skip79
\beforesubparaskip=\skip80
\aftersubparaskip=\skip81
\pfbreakskip=\skip82
\c@@ppsavesec=\count91
\c@@ppsaveapp=\count92
\ragrparindent=\dimen103
\everylistparindent=\dimen104
\parsepi=\skip83
\topsepi=\skip84
\itemsepi=\skip85
\parsepii=\skip86
\topsepii=\skip87
\topsepiii=\skip88
\itemsepii=\skip89
\itemsepiii=\skip90
\partopsepii=\skip91
\partopsepiii=\skip92
\m@msavetopsep=\skip93
\m@msavepartopsep=\skip94
\@enLab=\toks14
\abstitleskip=\skip95
\absleftindent=\skip96
\abs@leftindent=\dimen105
\absrightindent=\skip97
\absparindent=\skip98
\absparsep=\skip99
\c@vslineno=\count93
\c@poemline=\count94
\c@modulo@vs=\count95
\c@memfvsline=\count96
\vleftskip=\skip100
\vrightskip=\skip101
\stanzaskip=\skip102
\versewidth=\skip103
\vgap=\skip104
\vindent=\skip105
\vleftmargin=\dimen106
\c@verse=\count97
\c@chrsinstr=\count98
\beforepoemtitleskip=\skip106
\afterpoemtitleskip=\skip107
\c@poem=\count99
\beforePoemTitleskip=\skip108
\midPoemTitleskip=\skip109
\afterPoemTitleskip=\skip110
\col@sep=\dimen107
\extrarowheight=\dimen108
\NC@list=\toks15
\extratabsurround=\skip111
\backup@length=\skip112
\TX@col@width=\dimen109
\TX@old@table=\dimen110
\TX@old@col=\dimen111
\TX@target=\dimen112
\TX@delta=\dimen113
\TX@cols=\count100
\TX@ftn=\toks16
\heavyrulewidth=\dimen114
\lightrulewidth=\dimen115
\cmidrulewidth=\dimen116
\belowrulesep=\dimen117
\belowbottomsep=\dimen118
\aboverulesep=\dimen119
\abovetopsep=\dimen120
\cmidrulesep=\dimen121
\cmidrulekern=\dimen122
\defaultaddspace=\dimen123
\@cmidla=\count101
\@cmidlb=\count102
\@aboverulesep=\dimen124
\@belowrulesep=\dimen125
\@thisruleclass=\count103
\@lastruleclass=\count104
\@thisrulewidth=\dimen126
\ctableftskip=\skip113
\ctabrightskip=\skip114
\abovecolumnspenalty=\count105
\@linestogo=\count106
\@cellstogo=\count107
\@cellsincolumn=\count108
\crtok=\toks17
\@mincolumnwidth=\dimen127
\c@newflo@tctr=\count109
\mem@margin@floatbox=\box26
\@contcwidth=\skip115
\@contindw=\skip116
\abovecaptionskip=\skip117
\belowcaptionskip=\skip118
\subfloattopskip=\skip119
\subfloatcapskip=\skip120
\subfloatcaptopadj=\skip121
\subfloatbottomskip=\skip122
\subfloatlabelskip=\skip123
\subfloatcapmargin=\dimen128
\c@@contsubnum=\count110
\m@mscap@capbox=\box27
\m@mscap@fbox=\box28
\sidecapsep=\dimen129
\sidecapwidth=\dimen130
\m@m@tempdima=\dimen131
\m@mscapraise=\dimen132
\sidecapraise=\dimen133
\m@mscapmainwidth=\dimen134
\m@mscaplkern=\dimen135
\beforeepigraphskip=\skip124
\afterepigraphskip=\skip125
\epigraphwidth=\skip126
\epigraphrule=\skip127
LaTeX Info: Redefining \em on input line 7491.
LaTeX Info: Redefining \emph on input line 7499.
\tocentryskip=\skip128
\tocbaseline=\skip129
\cftparskip=\skip130
\cftbeforebookskip=\skip131
\cftbookindent=\dimen136
\cftbooknumwidth=\dimen137
\cftbeforepartskip=\skip132
\cftpartindent=\skip133
\cftpartnumwidth=\skip134
\cftbeforechapterskip=\skip135
\cftchapterindent=\skip136
\cftchapternumwidth=\skip137
\cftbeforesectionskip=\skip138
\cftsectionindent=\skip139
\cftsectionnumwidth=\skip140
\cftbeforesubsectionskip=\skip141
\cftsubsectionindent=\skip142
\cftsubsectionnumwidth=\skip143
\cftbeforesubsubsectionskip=\skip144
\cftsubsubsectionindent=\skip145
\cftsubsubsectionnumwidth=\skip146
\cftbeforeparagraphskip=\skip147
\cftparagraphindent=\skip148
\cftparagraphnumwidth=\skip149
\cftbeforesubparagraphskip=\skip150
\cftsubparagraphindent=\skip151
\cftsubparagraphnumwidth=\skip152
\prechapterprecisshift=\dimen138
\c@maxsecnumdepth=\count111
\bibindent=\dimen139
\bibitemsep=\skip153
\indexcolsep=\skip154
\indexrule=\skip155
\indexmarkstyle=\toks18
\@indexbox=\insert233
\glossarycolsep=\dimen140
\glossaryrule=\dimen141
\sideparvshift=\skip156
\sideins=\insert232
\sidebartopsep=\skip157
\sidebarhsep=\skip158
\sidebarvsep=\skip159
\sidebarwidth=\skip160
\footmarkwidth=\skip161
\footmarksep=\skip162
\footparindent=\skip163
\footinsdim=\skip164
\footinsv@r=\insert231
\@mpfootinsv@r=\insert230
\m@m@k=\count112
\m@m@h=\dimen142
\m@mipn@skip=\skip165
\sidefootins=\insert229
\sidefootadjust=\skip166
\sidefootheight=\skip167
\sidefoothsep=\skip168
\sidefootvsep=\skip169
\sidefootwidth=\skip170
\m@mdownsf=\skip171
\c@sidefootnote=\count113
\sidefootmarkwidth=\skip172
\sidefootmarksep=\skip173
\sidefootparindent=\skip174
\c@pagenote=\count114
\c@pagenoteshadow=\count115
\mem@pn@lastkern=\skip175
\every@verbatim=\toks19
\afterevery@verbatim=\toks20
\verbatim@line=\toks21
\tab@position=\count116
\verbatim@in@stream=\read1
\verbatimindent=\skip176
\verbatim@out=\write3
\bvboxsep=\skip177
\c@memfbvline=\count117
\c@bvlinectr=\count118
\bvnumlength=\skip178
\fb@frw=\dimen143
\fb@frh=\dimen144
\FrameRule=\dimen145
\FrameSep=\dimen146
\c@cp@cntr=\count119
LaTeX Info: Redefining \: on input line 11957.
LaTeX Info: Redefining \! on input line 11959.
\c@ism@mctr=\count120
\c@xsm@mctr=\count121
\c@csm@mctr=\count122
\c@ksm@mctr=\count123
\c@xksm@mctr=\count124
\c@cksm@mctr=\count125
\c@msm@mctr=\count126
\c@xmsm@mctr=\count127
\c@cmsm@mctr=\count128
\c@bsm@mctr=\count129
\c@workm@mctr=\count130
\c@sheetsequence=\count131
\c@lastsheet=\count132
\c@lastpage=\count133
\c@figure=\count134
\c@lofdepth=\count135
\cftbeforefigureskip=\skip179
\cftfigureindent=\skip180
\cftfigurenumwidth=\skip181
\c@table=\count136
\c@lotdepth=\count137
\cftbeforetableskip=\skip182
\cfttableindent=\skip183
\cfttablenumwidth=\skip184
Package abstract [2008/07/23] emulated by memoir.
Package appendix [2008/07/23] emulated by memoir.
Package array [2008/09/09] emulated by memoir.
Package booktabs [2008/07/23] emulated by memoir.
Package ccaption [2008/07/23] emulated by memoir.
Package changepage [2008/07/23] emulated by memoir.
Package chngcntr [2008/07/23] emulated by memoir.
Package chngpage [2008/07/23] emulated by memoir.
Package crop emulated by memoir.
Package dcolumn [2008/07/23] emulated by memoir.
Package delarray [2008/07/23] emulated by memoir.
Package enumerate [2008/07/23] emulated by memoir.
Package epigraph [2008/07/23] emulated by memoir.
Package ifmtarg [2008/07/23] emulated by memoir.
Package index [2008/07/23] emulated by memoir.
Package makeidx [2008/07/23] emulated by memoir.
Package moreverb [2008/07/23] emulated by memoir.
Package mparhack [2008/07/23] emulated by memoir.
Package needspace [2008/07/23] emulated by memoir.
Package newfile [2008/07/23] emulated by memoir.
Package nextpage [2008/07/23] emulated by memoir.
Package pagenote [2008/07/23] emulated by memoir.
Package parskip [2008/07/23] emulated by memoir.
Package patchcmd [2008/07/23] emulated by memoir.
Package setspace [2008/07/23] emulated by memoir.
Package shortvrb [2008/07/23] emulated by memoir.
Package showidx [2008/07/23] emulated by memoir.
Package tabularx [2008/07/23] emulated by memoir.
Package titleref [2008/07/23] emulated by memoir.
Package titling [2008/07/23] emulated by memoir.
Package tocbibind [2008/07/23] emulated by memoir.
Package tocloft [2008/07/23] emulated by memoir.
Package tocvsec2 [2008/07/23] emulated by memoir.
Package verbatim [2008/07/23] emulated by memoir.
Package verse [2008/07/23] emulated by memoir.

(/usr/local/texlive/2013/texmf-dist/tex/latex/memoir/mempatch.sty
Package: mempatch 2009/07/24 v6.0f Patches for memoir class v1.6180339
))
(../latex/mmd-icanscript-user-guide-setup.tex
(/usr/local/texlive/2013/texmf-dist/tex/latex/layouts/layouts.sty
Package: layouts 2009/09/02 v2.6d graphical depiction of document elements
\l@ylen=\skip185
\layoutsbox=\box29
\l@youtunitlength=\skip186
\l@youtlinethick=\skip187
\l@youtlinethickii=\skip188
\l@ysetupparskip=\skip189
\l@ysetupbaselineskip=\skip190
\l@yonem=\skip191
\l@yonex=\skip192
\l@ylmarg=\skip193
\l@yrmarg=\skip194
\l@yitmindent=\skip195
\l@ylblwidth=\skip196
\l@ylblsep=\skip197
\l@ylparindent=\skip198
\l@ytsep=\skip199
\l@ypskip=\skip200
\l@yptsep=\skip201
\l@ypsep=\skip202
\l@yitmsep=\skip203
\l@ytok=\toks22
\l@youtpw=\count138
\l@youtph=\count139
\l@youthpi=\count140
\l@youthpii=\count141
\l@youthpiii=\count142
\l@youthpiv=\count143
\l@youthpv=\count144
\l@youthpvi=\count145
\l@youthpvii=\count146
\l@youtparskip=\count147
\l@youtvpi=\count148
\l@youtvpii=\count149
\l@youtvpiii=\count150
\l@youtvpiv=\count151
\l@youtvpv=\count152
\l@youtvpvi=\count153
\l@youtvpvii=\count154
\l@youthdo=\count155
\l@youthdi=\count156
\l@youthdii=\count157
\l@youthdiii=\count158
\l@youthdiv=\count159
\l@youthdv=\count160
\l@youthdvi=\count161
\l@youthdvii=\count162
\l@youtvdo=\count163
\l@youtvdi=\count164
\l@youtvdii=\count165
\l@youtvdiii=\count166
\l@youtvdiv=\count167
\l@youtvdv=\count168
\l@youtvdvi=\count169
\l@youtvdvii=\count170
\l@youtvdviii=\count171
\l@youtxci=\count172
\l@youtxcii=\count173
\l@youtxciii=\count174
\l@youtxciv=\count175
\l@youtxcv=\count176
\l@youtxcvi=\count177
\l@youtyci=\count178
\l@youtycii=\count179
\l@youtyciii=\count180
\l@youtyciv=\count181
\l@youtycv=\count182
\l@youtycvi=\count183
\l@youtycvii=\count184
\l@youtycviii=\count185
\l@youtxco=\count186
\l@youtyco=\count187
\l@ytempdima=\skip204
)
(/usr/local/texlive/2013/texmf-dist/tex/latex/glossaries/base/glossaries.sty
Package: glossaries 2013/04/21 v3.05 (NLCT)

(/usr/local/texlive/2013/texmf-dist/tex/latex/base/ifthen.sty
Package: ifthen 2001/05/26 v1.1c Standard LaTeX ifthen package (DPC)
)
(/usr/local/texlive/2013/texmf-dist/tex/latex/xkeyval/xkeyval.sty
Package: xkeyval 2012/10/14 v2.6b package option processing (HA)

(/usr/local/texlive/2013/texmf-dist/tex/generic/xkeyval/xkeyval.tex
\XKV@toks=\toks23
\XKV@tempa@toks=\toks24
\XKV@depth=\count188
File: xkeyval.tex 2012/10/14 v2.6b key=value parser (HA)

(/usr/local/texlive/2013/texmf-dist/tex/generic/xkeyval/keyval.tex)))
(/usr/local/texlive/2013/texmf-dist/tex/latex/glossaries/base/mfirstuc.sty
Package: mfirstuc 2012/05/21 v1.06 (NLCT)

(/usr/local/texlive/2013/texmf-dist/tex/latex/etoolbox/etoolbox.sty
Package: etoolbox 2011/01/03 v2.1 e-TeX tools for LaTeX
\etb@tempcnta=\count189
)
\@glsmfirst=\toks25
\@glsmrest=\toks26
)
(/usr/local/texlive/2013/texmf-dist/tex/latex/xfor/xfor.sty
Package: xfor 2009/02/05 v1.05 (NLCT)
)
(/usr/local/texlive/2013/texmf-dist/tex/latex/datatool/datatool-base.sty
Package: datatool-base 2013/01/15 v2.13 (NLCT)

(/usr/local/texlive/2013/texmf-dist/tex/latex/amsmath/amsmath.sty
Package: amsmath 2013/01/14 v2.14 AMS math features
\@mathmargin=\skip205

For additional information on amsmath, use the `?' option.
(/usr/local/texlive/2013/texmf-dist/tex/latex/amsmath/amstext.sty
Package: amstext 2000/06/29 v2.01

(/usr/local/texlive/2013/texmf-dist/tex/latex/amsmath/amsgen.sty
File: amsgen.sty 1999/11/30 v2.0
\@emptytoks=\toks27
\ex@=\dimen147
))
(/usr/local/texlive/2013/texmf-dist/tex/latex/amsmath/amsbsy.sty
Package: amsbsy 1999/11/29 v1.2d
\pmbraise@=\dimen148
)
(/usr/local/texlive/2013/texmf-dist/tex/latex/amsmath/amsopn.sty
Package: amsopn 1999/12/14 v2.01 operator names
)
\inf@bad=\count190
LaTeX Info: Redefining \frac on input line 210.
\uproot@=\count191
\leftroot@=\count192
LaTeX Info: Redefining \overline on input line 306.
\classnum@=\count193
\DOTSCASE@=\count194
LaTeX Info: Redefining \ldots on input line 378.
LaTeX Info: Redefining \dots on input line 381.
LaTeX Info: Redefining \cdots on input line 466.
\Mathstrutbox@=\box30
\strutbox@=\box31
\big@size=\dimen149
LaTeX Font Info:    Redeclaring font encoding OML on input line 566.
LaTeX Font Info:    Redeclaring font encoding OMS on input line 567.
\macc@depth=\count195
\c@MaxMatrixCols=\count196
\dotsspace@=\muskip10
\c@parentequation=\count197
\dspbrk@lvl=\count198
\tag@help=\toks28
\row@=\count199
\column@=\count200
\maxfields@=\count201
\andhelp@=\toks29
\eqnshift@=\dimen150
\alignsep@=\dimen151
\tagshift@=\dimen152
\tagwidth@=\dimen153
\totwidth@=\dimen154
\lineht@=\dimen155
\@envbody=\toks30
\multlinegap=\skip206
\multlinetaggap=\skip207
\mathdisplay@stack=\toks31
LaTeX Info: Redefining \[ on input line 2665.
LaTeX Info: Redefining \] on input line 2666.
)
(/usr/local/texlive/2013/texmf-dist/tex/latex/substr/substr.sty
Package: substr 2009/10/20 v1.2 Handle substrings
\c@su@anzahl=\count202
)
(/usr/local/texlive/2013/texmf-dist/tex/latex/datatool/datatool-fp.sty
Package: datatool-fp 2013/01/15 v2.13 (NLCT)

(/usr/local/texlive/2013/texmf-dist/tex/latex/fp/fp.sty
Package: fp 1995/04/02

`Fixed Point Package', Version 0.8, April 2, 1995 (C) Michael Mehlich
(/usr/local/texlive/2013/texmf-dist/tex/latex/fp/defpattern.sty
Package: defpattern 1994/10/12
\actioncount=\count203
)
(/usr/local/texlive/2013/texmf-dist/tex/latex/fp/fp-basic.sty
Package: fp-basic 1996/05/13
\FP@xs=\count204
\FP@xia=\count205
\FP@xib=\count206
\FP@xfa=\count207
\FP@xfb=\count208
\FP@rega=\count209
\FP@regb=\count210
\FP@regs=\count211
\FP@times=\count212
)
(/usr/local/texlive/2013/texmf-dist/tex/latex/fp/fp-addons.sty
Package: fp-addons 1995/03/15
)
(/usr/local/texlive/2013/texmf-dist/tex/latex/fp/fp-snap.sty
Package: fp-snap 1995/04/05
)
(/usr/local/texlive/2013/texmf-dist/tex/latex/fp/fp-exp.sty
Package: fp-exp 1995/04/03
)
(/usr/local/texlive/2013/texmf-dist/tex/latex/fp/fp-trigo.sty
Package: fp-trigo 1995/04/14
)
(/usr/local/texlive/2013/texmf-dist/tex/latex/fp/fp-pas.sty
Package: fp-pas 1994/08/29
)
(/usr/local/texlive/2013/texmf-dist/tex/latex/fp/fp-random.sty
Package: fp-random 1995/02/23
\FPseed=\count213
)
(/usr/local/texlive/2013/texmf-dist/tex/latex/fp/fp-eqn.sty
Package: fp-eqn 1995/04/03
)
(/usr/local/texlive/2013/texmf-dist/tex/latex/fp/fp-upn.sty
Package: fp-upn 1996/10/21
)
(/usr/local/texlive/2013/texmf-dist/tex/latex/fp/fp-eval.sty
Package: fp-eval 1995/04/03
)))
\@dtl@toks=\toks32
\@dtl@tmpcount=\count214
\dtl@tmplength=\skip208
\dtl@sortresult=\count215
\@dtl@numgrpsepcount=\count216
\@dtl@datatype=\count217
\dtl@codeA=\count218
\dtl@codeB=\count219
\@dtl@foreach@level=\count220
)

Package glossaries Warning: overriding \glossarymark on input line 629.

\gls@level=\count221
\@gls@tmpb=\toks33
\gls@tmplen=\skip209
\glswrite=\write4

Package glossaries Warning: Overriding \printglossary on input line 3623.


Package glossaries Warning: overriding `theglossary' environment on input line 
3833.

\glskeylisttok=\toks34
\glslabeltok=\toks35
\glsshorttok=\toks36
\glslongtok=\toks37

(/usr/local/texlive/2013/texmf-dist/tex/latex/glossaries/styles/glossary-hypern
av.sty
Package: glossary-hypernav 2007/07/04 v1.01 (NLCT)
)
(/usr/local/texlive/2013/texmf-dist/tex/latex/glossaries/styles/glossary-list.s
ty
Package: glossary-list 2012/11/11 v3.04 (NLCT)
\glslistdottedwidth=\skip210
)
(/usr/local/texlive/2013/texmf-dist/tex/latex/glossaries/styles/glossary-long.s
ty
Package: glossary-long 2012/09/21 v3.03 (NLCT)
 (/usr/local/texlive/2013/texmf-dist/tex/latex/tools/longtable.sty
Package: longtable 2004/02/01 v4.11 Multi-page Table package (DPC)
\LTleft=\skip211
\LTright=\skip212
\LTpre=\skip213
\LTpost=\skip214
\LTchunksize=\count222
\LTcapwidth=\dimen156
\LT@head=\box32
\LT@firsthead=\box33
\LT@foot=\box34
\LT@lastfoot=\box35
\LT@cols=\count223
\LT@rows=\count224
\c@LT@tables=\count225
\c@LT@chunks=\count226
\LT@p@ftn=\toks38
)
\glsdescwidth=\skip215
\glspagelistwidth=\skip216
)
(/usr/local/texlive/2013/texmf-dist/tex/latex/glossaries/styles/glossary-super.
sty
Package: glossary-super 2012/09/21 v3.03 (NLCT)
 (/usr/local/texlive/2013/texmf-dist/tex/latex/supertabular/supertabular.sty
Package: supertabular 2004/02/20 v4.1e the supertabular environment
\c@tracingst=\count227
\ST@wd=\dimen157
\ST@rightskip=\skip217
\ST@leftskip=\skip218
\ST@parfillskip=\skip219
\ST@pageleft=\dimen158
\ST@headht=\dimen159
\ST@tailht=\dimen160
\ST@pagesofar=\dimen161
\ST@pboxht=\dimen162
\ST@lineht=\dimen163
\ST@stretchht=\dimen164
\ST@prevht=\dimen165
\ST@toadd=\dimen166
\ST@dimen=\dimen167
\ST@pbox=\box36
))
(/usr/local/texlive/2013/texmf-dist/tex/latex/glossaries/styles/glossary-tree.s
ty
Package: glossary-tree 2012/09/21 v3.03 (NLCT)
\glstreeindent=\skip220
))
\glo@main@file=\write5
\openout5 = `iCanScript-User-Guide.glo'.

Package glossaries Info: Writing glossary file iCanScript-User-Guide.glo on inp
ut line 11.
\iCanScript-User-Guide@idxfile=\write6
\openout6 = `iCanScript-User-Guide.idx'.


Writing index file iCanScript-User-Guide.idx 
(../latex/mmd-icanscript-user-guide-layout-8.5x11.tex)

******************************************************
Stock height and width: 794.96999pt by 614.295pt
Top and edge trims: 0pt and 0pt
Page height and width: 794.96999pt by 614.295pt
Text height and width: 586pt by 397pt
Spine and edge margins: 108.405pt and 108.405pt
Upper and lower margins: 108.405pt and 100.56499pt
Headheight and headsep: 12pt and 24pt
Footskip: 24pt
Columnsep and columnseprule: 10pt and 0pt
Marginparsep and marginparwidth: 17pt and 51pt
Sidecapsep and sidecapwidth: 7pt and 71pt
Sidebarhsep and sidebarwidth: 7pt and 71pt
Sidebarvsep and sidebartopsep: 12pt and 0pt
Sidebarheight: 548.39996pt
Sidefoothsep and sidefootwidth: 7pt and 71pt
Sidefootvsep and sidefootheight: 12pt and 548.39996pt
******************************************************

(../latex/mmd-icanscript-user-guide-packages.tex
(/usr/local/texlive/2013/texmf-dist/tex/latex/fancyvrb/fancyvrb.sty
Package: fancyvrb 2008/02/07

Style option: `fancyvrb' v2.7a, with DG/SPQR fixes, and firstline=lastline fix 
<2008/02/07> (tvz)
\FV@CodeLineNo=\count228
\FV@InFile=\read2
\FV@TabBox=\box37
Normal \count register pool exhausted, switching to extended pool.
\c@FancyVerbLine=\count277
\FV@StepNumber=\count278
\FV@OutFile=\write7
)
(/usr/local/texlive/2013/texmf-dist/tex/latex/graphics/graphicx.sty
Package: graphicx 1999/02/16 v1.0f Enhanced LaTeX Graphics (DPC,SPQR)

(/usr/local/texlive/2013/texmf-dist/tex/latex/graphics/graphics.sty
Package: graphics 2009/02/05 v1.0o Standard LaTeX Graphics (DPC,SPQR)

(/usr/local/texlive/2013/texmf-dist/tex/latex/graphics/trig.sty
Package: trig 1999/03/16 v1.09 sin cos tan (DPC)
)
(/usr/local/texlive/2013/texmf-dist/tex/latex/latexconfig/graphics.cfg
File: graphics.cfg 2010/04/23 v1.9 graphics configuration of TeX Live
)
Package graphics Info: Driver file: pdftex.def on input line 91.

(/usr/local/texlive/2013/texmf-dist/tex/latex/pdftex-def/pdftex.def
File: pdftex.def 2011/05/27 v0.06d Graphics/color for pdfTeX

(/usr/local/texlive/2013/texmf-dist/tex/generic/oberdiek/infwarerr.sty
Package: infwarerr 2010/04/08 v1.3 Providing info/warning/error messages (HO)
)
(/usr/local/texlive/2013/texmf-dist/tex/generic/oberdiek/ltxcmds.sty
Package: ltxcmds 2011/11/09 v1.22 LaTeX kernel commands for general use (HO)
)
\Gread@gobject=\count279
))
\Gin@req@height=\dimen168
\Gin@req@width=\dimen169
)
(/usr/local/texlive/2013/texmf-dist/tex/latex/tabulary/tabulary.sty
Package: tabulary 2008/12/01 v0.9 tabulary package (DPC)
\TY@count=\count280
\TY@linewidth=\dimen170
\tymin=\dimen171
\tymax=\dimen172
\TY@tablewidth=\dimen173
)
(/usr/local/texlive/2013/texmf-dist/tex/latex/base/inputenc.sty
Package: inputenc 2008/03/30 v1.1d Input encoding file
\inpenc@prehook=\toks39
\inpenc@posthook=\toks40

(/usr/local/texlive/2013/texmf-dist/tex/latex/base/utf8.def
File: utf8.def 2008/04/05 v1.1m UTF-8 support for inputenc
Now handling font encoding OML ...
... no UTF-8 mapping file for font encoding OML
Now handling font encoding T1 ...
... processing UTF-8 mapping file for font encoding T1

(/usr/local/texlive/2013/texmf-dist/tex/latex/base/t1enc.dfu
File: t1enc.dfu 2008/04/05 v1.1m UTF-8 support for inputenc
   defining Unicode char U+00A1 (decimal 161)
   defining Unicode char U+00A3 (decimal 163)
   defining Unicode char U+00AB (decimal 171)
   defining Unicode char U+00BB (decimal 187)
   defining Unicode char U+00BF (decimal 191)
   defining Unicode char U+00C0 (decimal 192)
   defining Unicode char U+00C1 (decimal 193)
   defining Unicode char U+00C2 (decimal 194)
   defining Unicode char U+00C3 (decimal 195)
   defining Unicode char U+00C4 (decimal 196)
   defining Unicode char U+00C5 (decimal 197)
   defining Unicode char U+00C6 (decimal 198)
   defining Unicode char U+00C7 (decimal 199)
   defining Unicode char U+00C8 (decimal 200)
   defining Unicode char U+00C9 (decimal 201)
   defining Unicode char U+00CA (decimal 202)
   defining Unicode char U+00CB (decimal 203)
   defining Unicode char U+00CC (decimal 204)
   defining Unicode char U+00CD (decimal 205)
   defining Unicode char U+00CE (decimal 206)
   defining Unicode char U+00CF (decimal 207)
   defining Unicode char U+00D0 (decimal 208)
   defining Unicode char U+00D1 (decimal 209)
   defining Unicode char U+00D2 (decimal 210)
   defining Unicode char U+00D3 (decimal 211)
   defining Unicode char U+00D4 (decimal 212)
   defining Unicode char U+00D5 (decimal 213)
   defining Unicode char U+00D6 (decimal 214)
   defining Unicode char U+00D8 (decimal 216)
   defining Unicode char U+00D9 (decimal 217)
   defining Unicode char U+00DA (decimal 218)
   defining Unicode char U+00DB (decimal 219)
   defining Unicode char U+00DC (decimal 220)
   defining Unicode char U+00DD (decimal 221)
   defining Unicode char U+00DE (decimal 222)
   defining Unicode char U+00DF (decimal 223)
   defining Unicode char U+00E0 (decimal 224)
   defining Unicode char U+00E1 (decimal 225)
   defining Unicode char U+00E2 (decimal 226)
   defining Unicode char U+00E3 (decimal 227)
   defining Unicode char U+00E4 (decimal 228)
   defining Unicode char U+00E5 (decimal 229)
   defining Unicode char U+00E6 (decimal 230)
   defining Unicode char U+00E7 (decimal 231)
   defining Unicode char U+00E8 (decimal 232)
   defining Unicode char U+00E9 (decimal 233)
   defining Unicode char U+00EA (decimal 234)
   defining Unicode char U+00EB (decimal 235)
   defining Unicode char U+00EC (decimal 236)
   defining Unicode char U+00ED (decimal 237)
   defining Unicode char U+00EE (decimal 238)
   defining Unicode char U+00EF (decimal 239)
   defining Unicode char U+00F0 (decimal 240)
   defining Unicode char U+00F1 (decimal 241)
   defining Unicode char U+00F2 (decimal 242)
   defining Unicode char U+00F3 (decimal 243)
   defining Unicode char U+00F4 (decimal 244)
   defining Unicode char U+00F5 (decimal 245)
   defining Unicode char U+00F6 (decimal 246)
   defining Unicode char U+00F8 (decimal 248)
   defining Unicode char U+00F9 (decimal 249)
   defining Unicode char U+00FA (decimal 250)
   defining Unicode char U+00FB (decimal 251)
   defining Unicode char U+00FC (decimal 252)
   defining Unicode char U+00FD (decimal 253)
   defining Unicode char U+00FE (decimal 254)
   defining Unicode char U+00FF (decimal 255)
   defining Unicode char U+0102 (decimal 258)
   defining Unicode char U+0103 (decimal 259)
   defining Unicode char U+0104 (decimal 260)
   defining Unicode char U+0105 (decimal 261)
   defining Unicode char U+0106 (decimal 262)
   defining Unicode char U+0107 (decimal 263)
   defining Unicode char U+010C (decimal 268)
   defining Unicode char U+010D (decimal 269)
   defining Unicode char U+010E (decimal 270)
   defining Unicode char U+010F (decimal 271)
   defining Unicode char U+0110 (decimal 272)
   defining Unicode char U+0111 (decimal 273)
   defining Unicode char U+0118 (decimal 280)
   defining Unicode char U+0119 (decimal 281)
   defining Unicode char U+011A (decimal 282)
   defining Unicode char U+011B (decimal 283)
   defining Unicode char U+011E (decimal 286)
   defining Unicode char U+011F (decimal 287)
   defining Unicode char U+0130 (decimal 304)
   defining Unicode char U+0131 (decimal 305)
   defining Unicode char U+0132 (decimal 306)
   defining Unicode char U+0133 (decimal 307)
   defining Unicode char U+0139 (decimal 313)
   defining Unicode char U+013A (decimal 314)
   defining Unicode char U+013D (decimal 317)
   defining Unicode char U+013E (decimal 318)
   defining Unicode char U+0141 (decimal 321)
   defining Unicode char U+0142 (decimal 322)
   defining Unicode char U+0143 (decimal 323)
   defining Unicode char U+0144 (decimal 324)
   defining Unicode char U+0147 (decimal 327)
   defining Unicode char U+0148 (decimal 328)
   defining Unicode char U+014A (decimal 330)
   defining Unicode char U+014B (decimal 331)
   defining Unicode char U+0150 (decimal 336)
   defining Unicode char U+0151 (decimal 337)
   defining Unicode char U+0152 (decimal 338)
   defining Unicode char U+0153 (decimal 339)
   defining Unicode char U+0154 (decimal 340)
   defining Unicode char U+0155 (decimal 341)
   defining Unicode char U+0158 (decimal 344)
   defining Unicode char U+0159 (decimal 345)
   defining Unicode char U+015A (decimal 346)
   defining Unicode char U+015B (decimal 347)
   defining Unicode char U+015E (decimal 350)
   defining Unicode char U+015F (decimal 351)
   defining Unicode char U+0160 (decimal 352)
   defining Unicode char U+0161 (decimal 353)
   defining Unicode char U+0162 (decimal 354)
   defining Unicode char U+0163 (decimal 355)
   defining Unicode char U+0164 (decimal 356)
   defining Unicode char U+0165 (decimal 357)
   defining Unicode char U+016E (decimal 366)
   defining Unicode char U+016F (decimal 367)
   defining Unicode char U+0170 (decimal 368)
   defining Unicode char U+0171 (decimal 369)
   defining Unicode char U+0178 (decimal 376)
   defining Unicode char U+0179 (decimal 377)
   defining Unicode char U+017A (decimal 378)
   defining Unicode char U+017B (decimal 379)
   defining Unicode char U+017C (decimal 380)
   defining Unicode char U+017D (decimal 381)
   defining Unicode char U+017E (decimal 382)
   defining Unicode char U+200C (decimal 8204)
   defining Unicode char U+2013 (decimal 8211)
   defining Unicode char U+2014 (decimal 8212)
   defining Unicode char U+2018 (decimal 8216)
   defining Unicode char U+2019 (decimal 8217)
   defining Unicode char U+201A (decimal 8218)
   defining Unicode char U+201C (decimal 8220)
   defining Unicode char U+201D (decimal 8221)
   defining Unicode char U+201E (decimal 8222)
   defining Unicode char U+2030 (decimal 8240)
   defining Unicode char U+2031 (decimal 8241)
   defining Unicode char U+2039 (decimal 8249)
   defining Unicode char U+203A (decimal 8250)
   defining Unicode char U+2423 (decimal 9251)
)
Now handling font encoding OT1 ...
... processing UTF-8 mapping file for font encoding OT1

(/usr/local/texlive/2013/texmf-dist/tex/latex/base/ot1enc.dfu
File: ot1enc.dfu 2008/04/05 v1.1m UTF-8 support for inputenc
   defining Unicode char U+00A1 (decimal 161)
   defining Unicode char U+00A3 (decimal 163)
   defining Unicode char U+00B8 (decimal 184)
   defining Unicode char U+00BF (decimal 191)
   defining Unicode char U+00C5 (decimal 197)
   defining Unicode char U+00C6 (decimal 198)
   defining Unicode char U+00D8 (decimal 216)
   defining Unicode char U+00DF (decimal 223)
   defining Unicode char U+00E6 (decimal 230)
   defining Unicode char U+00EC (decimal 236)
   defining Unicode char U+00ED (decimal 237)
   defining Unicode char U+00EE (decimal 238)
   defining Unicode char U+00EF (decimal 239)
   defining Unicode char U+00F8 (decimal 248)
   defining Unicode char U+0131 (decimal 305)
   defining Unicode char U+0141 (decimal 321)
   defining Unicode char U+0142 (decimal 322)
   defining Unicode char U+0152 (decimal 338)
   defining Unicode char U+0153 (decimal 339)
   defining Unicode char U+2013 (decimal 8211)
   defining Unicode char U+2014 (decimal 8212)
   defining Unicode char U+2018 (decimal 8216)
   defining Unicode char U+2019 (decimal 8217)
   defining Unicode char U+201C (decimal 8220)
   defining Unicode char U+201D (decimal 8221)
)
Now handling font encoding OMS ...
... processing UTF-8 mapping file for font encoding OMS

(/usr/local/texlive/2013/texmf-dist/tex/latex/base/omsenc.dfu
File: omsenc.dfu 2008/04/05 v1.1m UTF-8 support for inputenc
   defining Unicode char U+00A7 (decimal 167)
   defining Unicode char U+00B6 (decimal 182)
   defining Unicode char U+00B7 (decimal 183)
   defining Unicode char U+2020 (decimal 8224)
   defining Unicode char U+2021 (decimal 8225)
   defining Unicode char U+2022 (decimal 8226)
)
Now handling font encoding OMX ...
... no UTF-8 mapping file for font encoding OMX
Now handling font encoding U ...
... no UTF-8 mapping file for font encoding U
   defining Unicode char U+00A9 (decimal 169)
   defining Unicode char U+00AA (decimal 170)
   defining Unicode char U+00AE (decimal 174)
   defining Unicode char U+00BA (decimal 186)
   defining Unicode char U+02C6 (decimal 710)
   defining Unicode char U+02DC (decimal 732)
   defining Unicode char U+200C (decimal 8204)
   defining Unicode char U+2026 (decimal 8230)
   defining Unicode char U+2122 (decimal 8482)
   defining Unicode char U+2423 (decimal 9251)
))
(/usr/local/texlive/2013/texmf-dist/tex/latex/base/fontenc.sty
Package: fontenc 2005/09/27 v1.99g Standard LaTeX package

(/usr/local/texlive/2013/texmf-dist/tex/latex/base/t1enc.def
File: t1enc.def 2005/09/27 v1.99g Standard LaTeX file
LaTeX Font Info:    Redeclaring font encoding T1 on input line 43.
))
(/usr/local/texlive/2013/texmf-dist/tex/latex/xcolor/xcolor.sty
Package: xcolor 2007/01/21 v2.11 LaTeX color extensions (UK)

(/usr/local/texlive/2013/texmf-dist/tex/latex/latexconfig/color.cfg
File: color.cfg 2007/01/18 v1.5 color configuration of teTeX/TeXLive
)
Package xcolor Info: Driver file: pdftex.def on input line 225.
Package xcolor Info: Model `cmy' substituted by `cmy0' on input line 1337.
Package xcolor Info: Model `hsb' substituted by `rgb' on input line 1341.
Package xcolor Info: Model `RGB' extended on input line 1353.
Package xcolor Info: Model `HTML' substituted by `rgb' on input line 1355.
Package xcolor Info: Model `Hsb' substituted by `hsb' on input line 1356.
Package xcolor Info: Model `tHsb' substituted by `hsb' on input line 1357.
Package xcolor Info: Model `HSB' substituted by `hsb' on input line 1358.
Package xcolor Info: Model `Gray' substituted by `gray' on input line 1359.
Package xcolor Info: Model `wave' substituted by `hsb' on input line 1360.
)
(/usr/local/texlive/2013/texmf-dist/tex/latex/natbib/natbib.sty
Package: natbib 2010/09/13 8.31b (PWD, AO)
\bibhang=\skip221
\bibsep=\skip222
LaTeX Info: Redefining \cite on input line 694.
\c@NAT@ctr=\count281
)
(/usr/local/texlive/2013/texmf-dist/tex/latex/fancybox/fancybox.sty
Package: fancybox 2010/05/15 1.4

Style option: `fancybox' v1.4 <2010/05/15> (tvz)
\@fancybox=\box38
\shadowsize=\dimen174
\@Sbox=\box39
\do@VerbBox=\toks41
\the@fancyput=\toks42
\this@fancyput=\toks43
\EndVerbatimTokens=\toks44
\Verbatim@Outfile=\write8
\Verbatim@Infile=\read3
)) (../latex/mmd-default-metadata.tex)))) (./mmd-scrivcustom-begin-doc.tex
(../latex/mmd-icanscript-user-guide-begin-doc.tex
(/usr/local/texlive/2013/texmf-dist/tex/latex/hyperref/hyperref.sty
Package: hyperref 2012/11/06 v6.83m Hypertext links for LaTeX

(/usr/local/texlive/2013/texmf-dist/tex/generic/oberdiek/hobsub-hyperref.sty
Package: hobsub-hyperref 2012/05/28 v1.13 Bundle oberdiek, subset hyperref (HO)


(/usr/local/texlive/2013/texmf-dist/tex/generic/oberdiek/hobsub-generic.sty
Package: hobsub-generic 2012/05/28 v1.13 Bundle oberdiek, subset generic (HO)
Package: hobsub 2012/05/28 v1.13 Construct package bundles (HO)
Package hobsub Info: Skipping package `infwarerr' (already loaded).
Package hobsub Info: Skipping package `ltxcmds' (already loaded).
Package hobsub Info: Skipping package `ifluatex' (already loaded).
Package: ifvtex 2010/03/01 v1.5 Detect VTeX and its facilities (HO)
Package ifvtex Info: VTeX not detected.
Package: intcalc 2007/09/27 v1.1 Expandable calculations with integers (HO)
Package hobsub Info: Skipping package `ifpdf' (already loaded).
Package: etexcmds 2011/02/16 v1.5 Avoid name clashes with e-TeX commands (HO)
Package etexcmds Info: Could not find \expanded.
(etexcmds)             That can mean that you are not using pdfTeX 1.50 or
(etexcmds)             that some package has redefined \expanded.
(etexcmds)             In the latter case, load this package earlier.
Package: kvsetkeys 2012/04/25 v1.16 Key value parser (HO)
Package: kvdefinekeys 2011/04/07 v1.3 Define keys (HO)
Package: pdftexcmds 2011/11/29 v0.20 Utility functions of pdfTeX for LuaTeX (HO
)
Package pdftexcmds Info: LuaTeX not detected.
Package pdftexcmds Info: \pdf@primitive is available.
Package pdftexcmds Info: \pdf@ifprimitive is available.
Package pdftexcmds Info: \pdfdraftmode found.
Package: pdfescape 2011/11/25 v1.13 Implements pdfTeX's escape features (HO)
Package: bigintcalc 2012/04/08 v1.3 Expandable calculations on big integers (HO
)
Package: bitset 2011/01/30 v1.1 Handle bit-vector datatype (HO)
Package: uniquecounter 2011/01/30 v1.2 Provide unlimited unique counter (HO)
)
Package hobsub Info: Skipping package `hobsub' (already loaded).
Package: letltxmacro 2010/09/02 v1.4 Let assignment for LaTeX macros (HO)
Package: hopatch 2012/05/28 v1.2 Wrapper for package hooks (HO)
Package: xcolor-patch 2011/01/30 xcolor patch
Package: atveryend 2011/06/30 v1.8 Hooks at the very end of document (HO)
Package: atbegshi 2011/10/05 v1.16 At begin shipout hook (HO)
Package: refcount 2011/10/16 v3.4 Data extraction from label references (HO)
Package: hycolor 2011/01/30 v1.7 Color options for hyperref/bookmark (HO)
)
(/usr/local/texlive/2013/texmf-dist/tex/latex/oberdiek/auxhook.sty
Package: auxhook 2011/03/04 v1.3 Hooks for auxiliary files (HO)
)
(/usr/local/texlive/2013/texmf-dist/tex/latex/oberdiek/kvoptions.sty
Package: kvoptions 2011/06/30 v3.11 Key value format for package options (HO)
)
\@linkdim=\dimen175
\Hy@linkcounter=\count282
\Hy@pagecounter=\count283

(/usr/local/texlive/2013/texmf-dist/tex/latex/hyperref/pd1enc.def
File: pd1enc.def 2012/11/06 v6.83m Hyperref: PDFDocEncoding definition (HO)
Now handling font encoding PD1 ...
... no UTF-8 mapping file for font encoding PD1
)
\Hy@SavedSpaceFactor=\count284

(/usr/local/texlive/2013/texmf-dist/tex/latex/latexconfig/hyperref.cfg
File: hyperref.cfg 2002/06/06 v1.2 hyperref configuration of TeXLive
)
Package hyperref Info: Option `colorlinks' set `true' on input line 4319.
Package hyperref Info: Option `plainpages' set `false' on input line 4319.
Package hyperref Info: Option `pdfpagelabels' set `true' on input line 4319.
Package hyperref Info: Hyper figures OFF on input line 4443.
Package hyperref Info: Link nesting OFF on input line 4448.
Package hyperref Info: Hyper index ON on input line 4451.
Package hyperref Info: Plain pages OFF on input line 4458.
Package hyperref Info: Backreferencing ON on input line 4461.
Package hyperref Info: Implicit mode ON; LaTeX internals redefined.
Package hyperref Info: Bookmarks ON on input line 4688.

(/usr/local/texlive/2013/texmf-dist/tex/latex/hyperref/backref.sty
Package: backref 2012/07/25 v1.38 Bibliographical back referencing

(/usr/local/texlive/2013/texmf-dist/tex/latex/oberdiek/rerunfilecheck.sty
Package: rerunfilecheck 2011/04/15 v1.7 Rerun checks for auxiliary files (HO)
Package uniquecounter Info: New unique counter `rerunfilecheck' on input line 2
82.
))
\c@Hy@tempcnt=\count285

(/usr/local/texlive/2013/texmf-dist/tex/latex/url/url.sty
\Urlmuskip=\muskip11
Package: url 2006/04/12  ver 3.3  Verb mode for urls, etc.
)
LaTeX Info: Redefining \url on input line 5041.
\XeTeXLinkMargin=\dimen176
\Fld@menulength=\count286
\Field@Width=\dimen177
\Fld@charsize=\dimen178
Package hyperref Info: Hyper figures OFF on input line 6295.
Package hyperref Info: Link nesting OFF on input line 6300.
Package hyperref Info: Hyper index ON on input line 6303.
Package hyperref Info: backreferencing ON on input line 6308.
Package hyperref Info: Link coloring ON on input line 6313.
Package hyperref Info: Link coloring with OCG OFF on input line 6320.
Package hyperref Info: PDF/A mode OFF on input line 6325.
LaTeX Info: Redefining \ref on input line 6365.
LaTeX Info: Redefining \pageref on input line 6369.
\Hy@abspage=\count287
\c@Item=\count288
\c@Hfootnote=\count289
)
(/usr/local/texlive/2013/texmf-dist/tex/latex/memoir/memhfixc.sty
Package: memhfixc 2013/05/16 v1.16 nameref/hyperref package fixes for memoir cl
ass
\c@memhycontfloat=\count290
\c@Hpagenote=\count291
)

Package hyperref Message: Driver (autodetected): hpdftex.

(/usr/local/texlive/2013/texmf-dist/tex/latex/hyperref/hpdftex.def
File: hpdftex.def 2012/11/06 v6.83m Hyperref driver for pdfTeX
\Fld@listcount=\count292
\c@bookmark@seq@number=\count293
\Hy@SectionHShift=\skip223
)
(../latex/mmd-title.tex) (./iCanScript-User-Guide.aux

LaTeX Warning: Label `createvisualscriptenablestate' multiply defined.


LaTeX Warning: Label `extendingicanscript' multiply defined.

)
\openout1 = `iCanScript-User-Guide.aux'.

LaTeX Font Info:    Checking defaults for OML/cmm/m/it on input line 35.
LaTeX Font Info:    ... okay on input line 35.
LaTeX Font Info:    Checking defaults for T1/cmr/m/n on input line 35.
LaTeX Font Info:    ... okay on input line 35.
LaTeX Font Info:    Checking defaults for OT1/cmr/m/n on input line 35.
LaTeX Font Info:    ... okay on input line 35.
LaTeX Font Info:    Checking defaults for OMS/cmsy/m/n on input line 35.
LaTeX Font Info:    ... okay on input line 35.
LaTeX Font Info:    Checking defaults for OMX/cmex/m/n on input line 35.
LaTeX Font Info:    ... okay on input line 35.
LaTeX Font Info:    Checking defaults for U/cmr/m/n on input line 35.
LaTeX Font Info:    ... okay on input line 35.
LaTeX Font Info:    Checking defaults for PD1/pdf/m/n on input line 35.
LaTeX Font Info:    ... okay on input line 35.


Package layouts Warning: Layout scale set to 0.5 on input line 35.

(/usr/local/texlive/2013/texmf-dist/tex/context/base/supp-pdf.mkii
[Loading MPS to PDF converter (version 2006.09.02).]
\scratchcounter=\count294
\scratchdimen=\dimen179
\scratchbox=\box40
\nofMPsegments=\count295
\nofMParguments=\count296
\everyMPshowfont=\toks45
\MPscratchCnt=\count297
\MPscratchDim=\dimen180
\MPnumerator=\count298
\makeMPintoPDFobject=\count299
\everyMPtoPDFconversion=\toks46
) (/usr/local/texlive/2013/texmf-dist/tex/latex/oberdiek/epstopdf-base.sty
Package: epstopdf-base 2010/02/09 v2.5 Base part for package epstopdf

(/usr/local/texlive/2013/texmf-dist/tex/latex/oberdiek/grfext.sty
Package: grfext 2010/08/19 v1.1 Manage graphics extensions (HO)
)
Package grfext Info: Graphics extension search list:
(grfext)             [.png,.pdf,.jpg,.mps,.jpeg,.jbig2,.jb2,.PNG,.PDF,.JPG,.JPE
G,.JBIG2,.JB2,.eps]
(grfext)             \AppendGraphicsExtensions on input line 452.

(/usr/local/texlive/2013/texmf-dist/tex/latex/latexconfig/epstopdf-sys.cfg
File: epstopdf-sys.cfg 2010/07/13 v1.3 Configuration of (r)epstopdf for TeX Liv
e
))
\AtBeginShipoutBox=\box41
Package backref Info: ** backref set up for natbib ** on input line 35.
Package hyperref Info: Link coloring ON on input line 35.

(/usr/local/texlive/2013/texmf-dist/tex/latex/hyperref/nameref.sty
Package: nameref 2012/10/27 v2.43 Cross-referencing by name of section

(/usr/local/texlive/2013/texmf-dist/tex/generic/oberdiek/gettitlestring.sty
Package: gettitlestring 2010/12/03 v1.4 Cleanup title references (HO)
)
\c@section@level=\count300
)
Redoing nameref's sectioning
Redoing nameref's label
LaTeX Info: Redefining \nameref on input line 35.
LaTeX Info: Redefining \ref on input line 35.
LaTeX Info: Redefining \pageref on input line 35.
LaTeX Info: Redefining \nameref on input line 35.
(./iCanScript-User-Guide.out) (./iCanScript-User-Guide.out)
\@outlinefile=\write9
\openout9 = `iCanScript-User-Guide.out'.


(../latex/environments.tex)
<iCanScript_Title.png, id=317, 843.15pt x 210.7875pt>
File: iCanScript_Title.png Graphic file (type png)

<use iCanScript_Title.png>
Package pdftex.def Info: iCanScript_Title.png used on input line 57.
(pdftex.def)             Requested size: 397.001pt x 99.25024pt.

Overfull \hbox (15.001pt too wide) in paragraph at lines 57--58
[][] 
 []

<iCanScriptLogo_256x256x32.png, id=319, 256.96pt x 256.96pt>
File: iCanScriptLogo_256x256x32.png Graphic file (type png)

<use iCanScriptLogo_256x256x32.png>
Package pdftex.def Info: iCanScriptLogo_256x256x32.png used on input line 61.
(pdftex.def)             Requested size: 256.01834pt x 256.01834pt.

<VisualScriptingForUnity_black.png, id=320, 385.22298pt x 57.21765pt>
File: VisualScriptingForUnity_black.png Graphic file (type png)

<use VisualScriptingForUnity_black.png>
Package pdftex.def Info: VisualScriptingForUnity_black.png used on input line 6
2.
(pdftex.def)             Requested size: 255.99959pt x 38.00122pt.

(../latex/mmd-icanscript-user-guide-copyright.tex [1{/usr/local/texlive/2013/te
xmf-var/fonts/map/pdftex/updmap/pdftex.map}

\openout4 = `iCanScript-User-Guide.ist'.


 <./iCanScript_Title.png> <./iCanScriptLogo_256x256x32.png> <./VisualScriptingF
orUnity_black.png>])
(./iCanScript-User-Guide.toc [2

] [3]) [4])) [1


]
Overfull \hbox (5.74017pt too wide) in paragraph at lines 20--21
 \T1/cmr/m/n/10 gram-ming or you will pro-gram twice
 []


Overfull \hbox (25.00003pt too wide) in paragraph at lines 22--23
 [] 
 []

[2

]
LaTeX Font Info:    Try loading font information for OMS+cmr on input line 39.
 (/usr/local/texlive/2013/texmf-dist/tex/latex/base/omscmr.fd
File: omscmr.fd 1999/05/25 v2.5h Standard LaTeX font definitions
)
LaTeX Font Info:    Font shape `OMS/cmr/m/n' in size <10> not available
(Font)              Font shape `OMS/cmsy/m/n' tried instead on input line 39.
 [3

] [4

]
[5]
Overfull \hbox (0.7472pt too wide) in paragraph at lines 116--117
[]$[]$ \T1/cmr/m/n/10 For the ex-pert pro-gram-mer, iCan-Script \T1/cmr/bx/it/1
0 com-ple-ments tex-
 []


Overfull \hbox (0.71175pt too wide) in paragraph at lines 116--117
\T1/cmr/bx/it/10 tual script-ing with vi-sual script-ing\T1/cmr/m/n/10 . Us-ing
 .NET re-flec-tion and op-tional meta-attributes,
 []

[6

] [7

]
Overfull \hbox (2.85829pt too wide) in paragraph at lines 132--132
[][] 
 []

<Drive-Download_48x48.png, id=469, 32.12pt x 32.12pt>
File: Drive-Download_48x48.png Graphic file (type png)

<use Drive-Download_48x48.png>
Package pdftex.def Info: Drive-Download_48x48.png used on input line 136.
(pdftex.def)             Requested size: 32.00227pt x 32.00227pt.

<tutorial-installation-tumbnail.png, id=474, 321.2pt x 180.675pt>
File: tutorial-installation-tumbnail.png Graphic file (type png)

<use tutorial-installation-tumbnail.png>
Package pdftex.def Info: tutorial-installation-tumbnail.png used on input line 
140.
(pdftex.def)             Requested size: 320.00824pt x 180.00186pt.
 [8

 <./Drive-Download_48x48.png> <./tutorial-installation-tumbnail.png>]
<custom-import.png, id=487, 550.055pt x 242.9075pt>
File: custom-import.png Graphic file (type png)
 <use custom-import.png>
Package pdftex.def Info: custom-import.png used on input line 163.
(pdftex.def)             Requested size: 397.0129pt x 175.3232pt.

<icanscript-ui-tips_64x64x32.png, id=488, 32.12pt x 32.12pt>
File: icanscript-ui-tips_64x64x32.png Graphic file (type png)

<use icanscript-ui-tips_64x64x32.png>
Package pdftex.def Info: icanscript-ui-tips_64x64x32.png used on input line 171
.
(pdftex.def)             Requested size: 32.00227pt x 32.00227pt.

Overfull \hbox (2.85829pt too wide) in paragraph at lines 180--180
[][] 
 []

[9 <./custom-import.png> <./icanscript-ui-tips_64x64x32.png>]
<PostitNote_48x48.png, id=508, 32.12pt x 32.12pt>
File: PostitNote_48x48.png Graphic file (type png)
 <use PostitNote_48x48.png>
Package pdftex.def Info: PostitNote_48x48.png used on input line 199.
(pdftex.def)             Requested size: 32.00227pt x 32.00227pt.

Overfull \hbox (2.85829pt too wide) in paragraph at lines 201--201
[][] 
 []

<remove-packages.png, id=509, 464.73625pt x 369.38pt>
File: remove-packages.png Graphic file (type png)

<use remove-packages.png>
Package pdftex.def Info: remove-packages.png used on input line 207.
(pdftex.def)             Requested size: 397.01323pt x 315.55263pt.
 <remove-gizmo.png, id=510, 373.395pt x 379.4175pt>
File: remove-gizmo.png Graphic file (type png)

<use remove-gizmo.png>
Package pdftex.def Info: remove-gizmo.png used on input line 214.
(pdftex.def)             Requested size: 397.01608pt x 403.41957pt.
 [10

 <./PostitNote_48x48.png>] [11 <./remove-packages.png>] [12 <./remove-gizmo.png
>]
<ics-check-for-update.png, id=530, 551.05875pt x 190.7125pt>
File: ics-check-for-update.png Graphic file (type png)

<use ics-check-for-update.png>
Package pdftex.def Info: ics-check-for-update.png used on input line 256.
(pdftex.def)             Requested size: 397.01424pt x 137.40018pt.
 [13

] [14 <./ics-check-for-update.png>] [15

]
<ics-visual-script-building-blocks.png, id=554, 577.15625pt x 233.87375pt>
File: ics-visual-script-building-blocks.png Graphic file (type png)

<use ics-visual-script-building-blocks.png>
Package pdftex.def Info: ics-visual-script-building-blocks.png used on input li
ne 284.
(pdftex.def)             Requested size: 397.0141pt x 160.877pt.
 [16

 <./ics-visual-script-building-blocks.png>] <iCanScriptLogo_32x32x32.png, id=56
2, 33.03772pt x 33.03772pt>
File: iCanScriptLogo_32x32x32.png Graphic file (type png)

<use iCanScriptLogo_32x32x32.png>
Package pdftex.def Info: iCanScriptLogo_32x32x32.png used on input line 327.
(pdftex.def)             Requested size: 33.00232pt x 33.00232pt.

Overfull \hbox (2.85829pt too wide) in paragraph at lines 333--333
[][] 
 []

[17 <./iCanScriptLogo_32x32x32.png>]
<ics-anatomy-of-a-node.png, id=569, 701.62125pt x 419.5675pt>
File: ics-anatomy-of-a-node.png Graphic file (type png)

<use ics-anatomy-of-a-node.png>
Package pdftex.def Info: ics-anatomy-of-a-node.png used on input line 389.
(pdftex.def)             Requested size: 397.00555pt x 237.40819pt.

<ics-hierarchy-tree-example.png, id=570, 266.9975pt x 286.06876pt>
File: ics-hierarchy-tree-example.png Graphic file (type png)

<use ics-hierarchy-tree-example.png>
Package pdftex.def Info: ics-hierarchy-tree-example.png used on input line 398.

(pdftex.def)             Requested size: 397.04044pt x 425.40051pt.
 [18

] [19 <./ics-anatomy-of-a-node.png>]
[20 <./ics-hierarchy-tree-example.png>] [21

] [22

] [23

] [24

] [25

] [26

]
Overfull \hbox (7.93503pt too wide) in paragraph at lines 481--482
[]\T1/cmr/m/n/10 All Unity en-gine pro-gram-ming in-ter-faces are avail-able in
 the iCan-Script li-brary database; 
 []

<PostitNote_32x32.png, id=626, 33.03772pt x 33.03772pt>
File: PostitNote_32x32.png Graphic file (type png)

<use PostitNote_32x32.png>
Package pdftex.def Info: PostitNote_32x32.png used on input line 507.
(pdftex.def)             Requested size: 33.00232pt x 33.00232pt.

Overfull \hbox (2.85829pt too wide) in paragraph at lines 509--509
[][] 
 []

[27

 <./PostitNote_32x32.png>]
<ics-menu-create-visual-script.png, id=633, 253.94875pt x 122.4575pt>
File: ics-menu-create-visual-script.png Graphic file (type png)

<use ics-menu-create-visual-script.png>
Package pdftex.def Info: ics-menu-create-visual-script.png used on input line 5
29.
(pdftex.def)             Requested size: 397.0148pt x 191.44585pt.
 [28

 <./ics-menu-create-visual-script.png>] <icanscript-components.png, id=642, 716
.6775pt x 465.74pt>
File: icanscript-components.png Graphic file (type png)

<use icanscript-components.png>
Package pdftex.def Info: icanscript-components.png used on input line 547.
(pdftex.def)             Requested size: 397.00618pt x 257.9984pt.

<stamp-1-orange.png, id=643, 32.05963pt x 30.2024pt>
File: stamp-1-orange.png Graphic file (type png)
 <use stamp-1-orange.png>
Package pdftex.def Info: stamp-1-orange.png used on input line 552.
(pdftex.def)             Requested size: 32.00082pt x 30.0009pt.

<stamp-2-green.png, id=644, 32.05963pt x 30.2024pt>
File: stamp-2-green.png Graphic file (type png)
 <use stamp-2-green.png>
Package pdftex.def Info: stamp-2-green.png used on input line 554.
(pdftex.def)             Requested size: 32.00082pt x 30.0009pt.

Overfull \hbox (2.85829pt too wide) in paragraph at lines 559--559
[][] 
 []

[29 <./icanscript-components.png> <./stamp-1-orange.png> <./stamp-2-green.png>]
[30

] [31

] [32

] [33

] [34

] [35

]
<unity-new-project.png, id=694, 341.275pt x 235.88126pt>
File: unity-new-project.png Graphic file (type png)

<use unity-new-project.png>
Package pdftex.def Info: unity-new-project.png used on input line 658.
(pdftex.def)             Requested size: 397.0249pt x 274.41428pt.
 [36

 <./unity-new-project.png>]
<create-houpi-youpi.png, id=701, 450.68375pt x 426.59375pt>
File: create-houpi-youpi.png Graphic file (type png)

<use create-houpi-youpi.png>
Package pdftex.def Info: create-houpi-youpi.png used on input line 667.
(pdftex.def)             Requested size: 397.0224pt x 375.80072pt.

<icanscript-empty-project.png, id=703, 219.82124pt x 184.69pt>
File: icanscript-empty-project.png Graphic file (type png)

<use icanscript-empty-project.png>
Package pdftex.def Info: icanscript-empty-project.png used on input line 676.
(pdftex.def)             Requested size: 397.01288pt x 333.56332pt.
 [37 <./create-houpi-youpi.png>] [38 <./icanscript-empty-project.png>]
<adding-directional-light.png, id=716, 440.64626pt x 251.94125pt>
File: adding-directional-light.png Graphic file (type png)

<use adding-directional-light.png>
Package pdftex.def Info: adding-directional-light.png used on input line 695.
(pdftex.def)             Requested size: 397.015pt x 226.9949pt.

<config-mrs-light.png, id=718, 543.02875pt x 392.46625pt>
File: config-mrs-light.png Graphic file (type png)

<use config-mrs-light.png>
Package pdftex.def Info: config-mrs-light.png used on input line 704.
(pdftex.def)             Requested size: 397.01256pt x 286.93512pt.

<UnityLogo_32x32.png, id=719, 33.03772pt x 33.03772pt>
File: UnityLogo_32x32.png Graphic file (type png)

<use UnityLogo_32x32.png>
Package pdftex.def Info: UnityLogo_32x32.png used on input line 710.
(pdftex.def)             Requested size: 33.00232pt x 33.00232pt.

Overfull \hbox (2.85829pt too wide) in paragraph at lines 721--721
[][] 
 []

[39

 <./adding-directional-light.png>]
<adding-trigger-zones.png, id=729, 445.665pt x 317.185pt>
File: adding-trigger-zones.png Graphic file (type png)

<use adding-trigger-zones.png>
Package pdftex.def Info: adding-trigger-zones.png used on input line 732.
(pdftex.def)             Requested size: 397.00102pt x 282.55025pt.
 [40 <./config-mrs-light.png> <./UnityLogo_32x32.png>] <config-trigger-zones.pn
g, id=738, 517.935pt x 605.26125pt>
File: config-trigger-zones.png Graphic file (type png)

<use config-trigger-zones.png>
Package pdftex.def Info: config-trigger-zones.png used on input line 752.
(pdftex.def)             Requested size: 376.08992pt x 439.50044pt.

<adding-mr-cube.png, id=739, 448.67625pt x 308.15125pt>
File: adding-mr-cube.png Graphic file (type png)

<use adding-mr-cube.png>
Package pdftex.def Info: adding-mr-cube.png used on input line 764.
(pdftex.def)             Requested size: 397.01343pt x 272.66916pt.
 [41 <./adding-trigger-zones.png>] [42 <./config-trigger-zones.png>]
<configure-mr-cube-name-and-position.png, id=762, 467.7475pt x 520.94624pt>
File: configure-mr-cube-name-and-position.png Graphic file (type png)

<use configure-mr-cube-name-and-position.png>
Package pdftex.def Info: configure-mr-cube-name-and-position.png used on input 
line 784.
(pdftex.def)             Requested size: 394.61815pt x 439.49962pt.

<adding-rigid-body.png, id=763, 388.45125pt x 155.58125pt>
File: adding-rigid-body.png Graphic file (type png)

<use adding-rigid-body.png>
Package pdftex.def Info: adding-rigid-body.png used on input line 791.
(pdftex.def)             Requested size: 397.00928pt x 159.00887pt.

<remove-gravity-from-mr-cube.png, id=764, 486.81876pt x 626.34pt>
File: remove-gravity-from-mr-cube.png Graphic file (type png)

<use remove-gravity-from-mr-cube.png>
Package pdftex.def Info: remove-gravity-from-mr-cube.png used on input line 798
.
(pdftex.def)             Requested size: 341.6102pt x 439.51495pt.

<disable-trigger-zones-mesh-renderer.png, id=765, 470.75874pt x 477.785pt>
File: disable-trigger-zones-mesh-renderer.png Graphic file (type png)

<use disable-trigger-zones-mesh-renderer.png>
Package pdftex.def Info: disable-trigger-zones-mesh-renderer.png used on input 
line 812.
(pdftex.def)             Requested size: 397.00058pt x 402.92596pt.
File: UnityLogo_32x32.png Graphic file (type png)
 <use UnityLogo_32x32.png>
Package pdftex.def Info: UnityLogo_32x32.png used on input line 818.
(pdftex.def)             Requested size: 33.00232pt x 33.00232pt.

Overfull \hbox (2.85829pt too wide) in paragraph at lines 829--829
[][] 
 []

[43 <./adding-mr-cube.png>] [44 <./configure-mr-cube-name-and-position.png>]
[45 <./adding-rigid-body.png>] [46 <./remove-gravity-from-mr-cube.png>]
[47 <./disable-trigger-zones-mesh-renderer.png>]
<proposed-icanscript-window-layout.png, id=799, 903.375pt x 564.1075pt>
File: proposed-icanscript-window-layout.png Graphic file (type png)

<use proposed-icanscript-window-layout.png>
Package pdftex.def Info: proposed-icanscript-window-layout.png used on input li
ne 871.
(pdftex.def)             Requested size: 397.00378pt x 247.9068pt.
 [48

] [49 <./proposed-icanscript-window-layout.png>] <Chalkboard-ABCs_32x32.png, id
=810, 33.03772pt x 33.03772pt>
File: Chalkboard-ABCs_32x32.png Graphic file (type png)

<use Chalkboard-ABCs_32x32.png>
Package pdftex.def Info: Chalkboard-ABCs_32x32.png used on input line 884.
(pdftex.def)             Requested size: 33.00232pt x 33.00232pt.

Overfull \hbox (2.85829pt too wide) in paragraph at lines 908--908
[][] 
 []


<ics-installing-visual-script-on-mr-cube.png, id=811, 711.65875pt x 261.97874pt
>
File: ics-installing-visual-script-on-mr-cube.png Graphic file (type png)
 <use ics-installing-visual-script-on-mr-cube.png>
Package pdftex.def Info: ics-installing-visual-script-on-mr-cube.png used on in
put line 926.
(pdftex.def)             Requested size: 396.99506pt x 146.14345pt.
 [50

 <./Chalkboard-ABCs_32x32.png>] <icanscript-ui-tips_32x32x32.png, id=820, 33.03
772pt x 33.03772pt>
File: icanscript-ui-tips_32x32x32.png Graphic file (type png)

<use icanscript-ui-tips_32x32x32.png>
Package pdftex.def Info: icanscript-ui-tips_32x32x32.png used on input line 934
.
(pdftex.def)             Requested size: 33.00232pt x 33.00232pt.

<ics-gizmo-in-scene.png, id=821, 250.03088pt x 195.24556pt>
File: ics-gizmo-in-scene.png Graphic file (type png)

<use ics-gizmo-in-scene.png>
Package pdftex.def Info: ics-gizmo-in-scene.png used on input line 951.
(pdftex.def)             Requested size: 249.0116pt x 195.0097pt.

<name-of-object-including-visual-script.png, id=822, 352.43358pt x 110.50316pt>
File: name-of-object-including-visual-script.png Graphic file (type png)
<use name-of-object-including-visual-script.png>
Package pdftex.def Info: name-of-object-including-visual-script.png used on inp
ut line 962.
(pdftex.def)             Requested size: 351.02374pt x 110.00208pt.

Overfull \hbox (31.81671pt too wide) in paragraph at lines 962--963
[][] 
 []


Overfull \hbox (2.85829pt too wide) in paragraph at lines 967--967
[][] 
 []

[51 <./ics-installing-visual-script-on-mr-cube.png>]
Overfull \vbox (40.70227pt too high) has occurred while \output is active []


[52 <./icanscript-ui-tips_32x32x32.png> <./ics-gizmo-in-scene.png> <./name-of-o
bject-including-visual-script.png>]
File: iCanScriptLogo_32x32x32.png Graphic file (type png)
 <use iCanScriptLogo_32x32x32.png>
Package pdftex.def Info: iCanScriptLogo_32x32x32.png used on input line 983.
(pdftex.def)             Requested size: 33.00232pt x 33.00232pt.

Overfull \hbox (2.85829pt too wide) in paragraph at lines 1009--1009
[][] 
 []

File: iCanScriptLogo_32x32x32.png Graphic file (type png)
<use iCanScriptLogo_32x32x32.png>
Package pdftex.def Info: iCanScriptLogo_32x32x32.png used on input line 1014.
(pdftex.def)             Requested size: 33.00232pt x 33.00232pt.
File: UnityLogo_32x32.png Graphic file (type png)
 <use UnityLogo_32x32.png>
Package pdftex.def Info: UnityLogo_32x32.png used on input line 1036.
(pdftex.def)             Requested size: 33.00232pt x 33.00232pt.

Overfull \hbox (3.41425pt too wide) in paragraph at lines 1039--1039
[][] 
 []


Overfull \hbox (2.85829pt too wide) in paragraph at lines 1051--1051
[][] 
 []

[53] [54]
<installing-update-message-handler.png, id=852, 353.32pt x 181.67876pt>
File: installing-update-message-handler.png Graphic file (type png)

<use installing-update-message-handler.png>
Package pdftex.def Info: installing-update-message-handler.png used on input li
ne 1067.
(pdftex.def)             Requested size: 397.0042pt x 204.14136pt.

<mr-cube-script-overview.png, id=853, 410.53375pt x 208.78pt>
File: mr-cube-script-overview.png Graphic file (type png)

<use mr-cube-script-overview.png>
Package pdftex.def Info: mr-cube-script-overview.png used on input line 1083.
(pdftex.def)             Requested size: 396.99573pt x 201.89511pt.

<node-display-state-controls.png, id=854, 831.105pt x 278.03876pt>
File: node-display-state-controls.png Graphic file (type png)

<use node-display-state-controls.png>
Package pdftex.def Info: node-display-state-controls.png used on input line 109
6.
(pdftex.def)             Requested size: 396.99826pt x 132.81221pt.
 [55 <./installing-update-message-handler.png>] <creating-package-in-update.png
, id=861, 320.19624pt x 230.8625pt>
File: creating-package-in-update.png Graphic file (type png)

<use creating-package-in-update.png>
Package pdftex.def Info: creating-package-in-update.png used on input line 1115
.
(pdftex.def)             Requested size: 397.00502pt x 286.24187pt.
File: icanscript-ui-tips_32x32x32.png Graphic file (type png)
 <use icanscript-ui-tips_32x32x32.png>
Package pdftex.def Info: icanscript-ui-tips_32x32x32.png used on input line 112
3.
(pdftex.def)             Requested size: 33.00232pt x 33.00232pt.

Overfull \hbox (2.85829pt too wide) in paragraph at lines 1138--1138
[][] 
 []

[56 <./mr-cube-script-overview.png> <./node-display-state-controls.png>]
<show-package-in-hierarchy.png, id=871, 443.6575pt x 298.11375pt>
File: show-package-in-hierarchy.png Graphic file (type png)

<use show-package-in-hierarchy.png>
Package pdftex.def Info: show-package-in-hierarchy.png used on input line 1148.

(pdftex.def)             Requested size: 396.99991pt x 266.76239pt.
 [57 <./creating-package-in-update.png>]
File: PostitNote_32x32.png Graphic file (type png)

<use PostitNote_32x32.png>
Package pdftex.def Info: PostitNote_32x32.png used on input line 1156.
(pdftex.def)             Requested size: 33.00232pt x 33.00232pt.

Overfull \hbox (2.85829pt too wide) in paragraph at lines 1158--1158
[][] 
 []

<renaming-move-mr-cube-package.png, id=880, 290.08376pt x 315.1775pt>
File: renaming-move-mr-cube-package.png Graphic file (type png)

<use renaming-move-mr-cube-package.png>
Package pdftex.def Info: renaming-move-mr-cube-package.png used on input line 1
164.
(pdftex.def)             Requested size: 397.02725pt x 431.37216pt.

<drag-and-drop-mr-cube.png, id=882, 516.93124pt x 221.82875pt>
File: drag-and-drop-mr-cube.png Graphic file (type png)

<use drag-and-drop-mr-cube.png>
Package pdftex.def Info: drag-and-drop-mr-cube.png used on input line 1176.
(pdftex.def)             Requested size: 397.01288pt x 170.36862pt.
File: icanscript-ui-tips_32x32x32.png Graphic file (type png)
 <use icanscript-ui-tips_32x32x32.png>
Package pdftex.def Info: icanscript-ui-tips_32x32x32.png used on input line 118
4.
(pdftex.def)             Requested size: 33.00232pt x 33.00232pt.

Overfull \hbox (2.85829pt too wide) in paragraph at lines 1214--1214
[][] 
 []

[58 <./show-package-in-hierarchy.png>] [59 <./renaming-move-mr-cube-package.png
>] [60 <./drag-and-drop-mr-cube.png>]
<game-object-composition.png, id=902, 371.3875pt x 276.03125pt>
File: game-object-composition.png Graphic file (type png)

<use game-object-composition.png>
Package pdftex.def Info: game-object-composition.png used on input line 1225.
(pdftex.def)             Requested size: 397.01234pt x 295.07674pt.
File: UnityLogo_32x32.png Graphic file (type png)
 <use UnityLogo_32x32.png>
Package pdftex.def Info: UnityLogo_32x32.png used on input line 1233.
(pdftex.def)             Requested size: 33.00232pt x 33.00232pt.

Overfull \hbox (2.85829pt too wide) in paragraph at lines 1244--1244
[][] 
 []

[61 <./game-object-composition.png>]
<reveal-mr-cube-transform.png, id=910, 567.11874pt x 469.755pt>
File: reveal-mr-cube-transform.png Graphic file (type png)

<use reveal-mr-cube-transform.png>
Package pdftex.def Info: reveal-mr-cube-transform.png used on input line 1262.
(pdftex.def)             Requested size: 397.01503pt x 328.85493pt.

<extract-mr-cube-transform.png, id=912, 768.8725pt x 297.11pt>
File: extract-mr-cube-transform.png Graphic file (type png)

<use extract-mr-cube-transform.png>
Package pdftex.def Info: extract-mr-cube-transform.png used on input line 1277.

(pdftex.def)             Requested size: 397.01204pt x 153.41457pt.
File: UnityLogo_32x32.png Graphic file (type png)
 <use UnityLogo_32x32.png>
Package pdftex.def Info: UnityLogo_32x32.png used on input line 1283.
(pdftex.def)             Requested size: 33.00232pt x 33.00232pt.

Overfull \hbox (2.85829pt too wide) in paragraph at lines 1294--1294
[][] 
 []

[62] [63 <./reveal-mr-cube-transform.png> <./extract-mr-cube-transform.png>]
<add-mr-cube-translation.png, id=928, 718.685pt x 438.63875pt>
File: add-mr-cube-translation.png Graphic file (type png)

<use add-mr-cube-translation.png>
Package pdftex.def Info: add-mr-cube-translation.png used on input line 1309.
(pdftex.def)             Requested size: 397.01064pt x 242.30956pt.

Overfull \hbox (3.47003pt too wide) in paragraph at lines 1314--1315
[]\T1/cmr/m/n/10 With the \T1/cmr/m/it/10 Trans-late \T1/cmr/m/n/10 op-er-a-tio
n added, you'll no-tice a new port named \T1/cmr/m/it/10 ``trans-la-tion.Transl
ate''
 []

[64]
LaTeX Font Info:    Try loading font information for T1+cmtt on input line 1334
.
 (/usr/local/texlive/2013/texmf-dist/tex/latex/base/t1cmtt.fd
File: t1cmtt.fd 1999/05/25 v2.5h Standard LaTeX font definitions
)
Overfull \hbox (2.85829pt too wide) in paragraph at lines 1338--1338
[][] 
 []

<adding-velocity-to-displacement-node.png, id=935, 862.22125pt x 463.7325pt>
File: adding-velocity-to-displacement-node.png Graphic file (type png)

<use adding-velocity-to-displacement-node.png>
Package pdftex.def Info: adding-velocity-to-displacement-node.png used on input
 line 1350.
(pdftex.def)             Requested size: 396.99496pt x 213.51765pt.
 [65 <./add-mr-cube-translation.png>]
File: icanscript-ui-tips_32x32x32.png Graphic file (type png)
 <use icanscript-ui-tips_32x32x32.png>
Package pdftex.def Info: icanscript-ui-tips_32x32x32.png used on input line 137
1.
(pdftex.def)             Requested size: 33.00232pt x 33.00232pt.

Overfull \hbox (2.85829pt too wide) in paragraph at lines 1380--1380
[][] 
 []

<renaming-to-displacement-node.png, id=944, 750.805pt x 304.13625pt>
File: renaming-to-displacement-node.png Graphic file (type png)

<use renaming-to-displacement-node.png>
Package pdftex.def Info: renaming-to-displacement-node.png used on input line 1
386.
(pdftex.def)             Requested size: 397.00824pt x 160.82018pt.

<bind-displacement-to-translation.png, id=945, 584.1825pt x 289.08pt>
File: bind-displacement-to-translation.png Graphic file (type png)

<use bind-displacement-to-translation.png>
Package pdftex.def Info: bind-displacement-to-translation.png used on input lin
e 1395.
(pdftex.def)             Requested size: 397.01599pt x 196.46152pt.
 [66 <./adding-velocity-to-displacement-node.png>] [67 <./renaming-to-displacem
ent-node.png> <./bind-displacement-to-translation.png>] <adding-delta-time.png,
 id=963, 781.92125pt x 340.27126pt>
File: adding-delta-time.png Graphic file (type png)

<use adding-delta-time.png>
Package pdftex.def Info: adding-delta-time.png used on input line 1408.
(pdftex.def)             Requested size: 396.99683pt x 172.7624pt.
File: UnityLogo_32x32.png Graphic file (type png)
 <use UnityLogo_32x32.png>
Package pdftex.def Info: UnityLogo_32x32.png used on input line 1414.
(pdftex.def)             Requested size: 33.00232pt x 33.00232pt.

Overfull \hbox (2.85829pt too wide) in paragraph at lines 1427--1427
[][] 
 []

[68 <./adding-delta-time.png>]
Overfull \hbox (2.85829pt too wide) in paragraph at lines 1467--1467
[][] 
 []

File: PostitNote_32x32.png Graphic file (type png)
<use PostitNote_32x32.png>
Package pdftex.def Info: PostitNote_32x32.png used on input line 1472.
(pdftex.def)             Requested size: 33.00232pt x 33.00232pt.

Overfull \hbox (2.85829pt too wide) in paragraph at lines 1474--1474
[][] 
 []

<duplicate-vector-scale.png, id=973, 629.35126pt x 281.05pt>
File: duplicate-vector-scale.png Graphic file (type png)

<use duplicate-vector-scale.png>
Package pdftex.def Info: duplicate-vector-scale.png used on input line 1484.
(pdftex.def)             Requested size: 397.00235pt x 177.28972pt.
 [69]
<rename-to-velocity-node.png, id=981, 690.58pt x 309.155pt>
File: rename-to-velocity-node.png Graphic file (type png)

<use rename-to-velocity-node.png>
Package pdftex.def Info: rename-to-velocity-node.png used on input line 1495.
(pdftex.def)             Requested size: 397.00665pt x 177.7297pt.

<publish-speed-and-direction.png, id=983, 576.1525pt x 293.095pt>
File: publish-speed-and-direction.png Graphic file (type png)

<use publish-speed-and-direction.png>
Package pdftex.def Info: publish-speed-and-direction.png used on input line 150
7.
(pdftex.def)             Requested size: 397.00937pt x 201.96295pt.
 [70 <./duplicate-vector-scale.png> <./rename-to-velocity-node.png>]
<change-speed-value.png, id=991, 549.05125pt x 332.24126pt>
File: change-speed-value.png Graphic file (type png)

<use change-speed-value.png>
Package pdftex.def Info: change-speed-value.png used on input line 1538.
(pdftex.def)             Requested size: 397.00893pt x 240.23756pt.

<change-direction-value.png, id=992, 523.9575pt x 337.26pt>
File: change-direction-value.png Graphic file (type png)

<use change-direction-value.png>
Package pdftex.def Info: change-direction-value.png used on input line 1545.
(pdftex.def)             Requested size: 397.0126pt x 255.54832pt.
 [71 <./publish-speed-and-direction.png>]
[72 <./change-speed-value.png> <./change-direction-value.png>]
File: icanscript-ui-tips_32x32x32.png Graphic file (type png)

<use icanscript-ui-tips_32x32x32.png>
Package pdftex.def Info: icanscript-ui-tips_32x32x32.png used on input line 155
7.
(pdftex.def)             Requested size: 33.00232pt x 33.00232pt.

Overfull \hbox (2.85829pt too wide) in paragraph at lines 1577--1577
[][] 
 []

<runtime-display.png, id=1007, 839.135pt x 323.2075pt>
File: runtime-display.png Graphic file (type png)

<use runtime-display.png>
Package pdftex.def Info: runtime-display.png used on input line 1590.
(pdftex.def)             Requested size: 396.99274pt x 152.90869pt.
 [73] [74 <./runtime-display.png>]
Overfull \hbox (2.85829pt too wide) in paragraph at lines 1647--1647
[][] 
 []

[75

]
Overfull \hbox (2.85829pt too wide) in paragraph at lines 1658--1658
[][] 
 []

[76

]
Overfull \hbox (2.85829pt too wide) in paragraph at lines 1669--1669
[][] 
 []

[77

]
Overfull \hbox (2.85829pt too wide) in paragraph at lines 1680--1680
[][] 
 []

[78

]
Overfull \hbox (2.85829pt too wide) in paragraph at lines 1691--1691
[][] 
 []

[79

]
Overfull \hbox (2.85829pt too wide) in paragraph at lines 1702--1702
[][] 
 []

[80

]
Overfull \hbox (2.85829pt too wide) in paragraph at lines 1713--1713
[][] 
 []

[81

] [82

] <ics-menu-edit.png, id=1054, 462.72874pt x 450.68375pt>
File: ics-menu-edit.png Graphic file (type png)

<use ics-menu-edit.png>
Package pdftex.def Info: ics-menu-edit.png used on input line 1733.
(pdftex.def)             Requested size: 397.00696pt x 386.67271pt.
 [83

] [84 <./ics-menu-edit.png>]
<menu-component.png, id=1071, 351.3125pt x 230.8625pt>
File: menu-component.png Graphic file (type png)

<use menu-component.png>
Package pdftex.def Info: menu-component.png used on input line 1811.
(pdftex.def)             Requested size: 397.03209pt x 260.9068pt.

<menu-component2.png, id=1072, 316.18124pt x 528.97626pt>
File: menu-component2.png Graphic file (type png)

<use menu-component2.png>
Package pdftex.def Info: menu-component2.png used on input line 1818.
(pdftex.def)             Requested size: 262.70053pt x 439.50218pt.

<menu-window.png, id=1073, 398.48875pt x 274.02374pt>
File: menu-window.png Graphic file (type png)
 <use menu-window.png>
Package pdftex.def Info: menu-window.png used on input line 1858.
(pdftex.def)             Requested size: 397.0163pt x 273.0112pt.

[85] [86 <./menu-component.png>] [87 <./menu-component2.png>] [88 <./menu-windo
w.png>] <ics-menu-help.png, id=1103, 550.055pt x 190.7125pt>
File: ics-menu-help.png Graphic file (type png)

<use ics-menu-help.png>
Package pdftex.def Info: ics-menu-help.png used on input line 1947.
(pdftex.def)             Requested size: 397.0129pt x 137.65045pt.
 [89] [90 <./ics-menu-help.png>] [91] [92

]
<extending-node-information-flow.png, id=1133, 480.75261pt x 295.77167pt>
File: extending-node-information-flow.png Graphic file (type png)

<use extending-node-information-flow.png>
Package pdftex.def Info: extending-node-information-flow.png used on input line
 2054.
(pdftex.def)             Requested size: 478.9982pt x 295.01724pt.

Overfull \hbox (81.9982pt too wide) in paragraph at lines 2054--2055
 [][] 
 []

<stamp-1-purple.png, id=1134, 32.05963pt x 30.2024pt>
File: stamp-1-purple.png Graphic file (type png)
 <use stamp-1-purple.png>
Package pdftex.def Info: stamp-1-purple.png used on input line 2059.
(pdftex.def)             Requested size: 32.00082pt x 30.0009pt.

<stamp-2-purple.png, id=1135, 32.05963pt x 30.2024pt>
File: stamp-2-purple.png Graphic file (type png)
 <use stamp-2-purple.png>
Package pdftex.def Info: stamp-2-purple.png used on input line 2061.
(pdftex.def)             Requested size: 32.00082pt x 30.0009pt.

<stamp-3-purple.png, id=1136, 32.05963pt x 30.2024pt>
File: stamp-3-purple.png Graphic file (type png)
 <use stamp-3-purple.png>
Package pdftex.def Info: stamp-3-purple.png used on input line 2063.
(pdftex.def)             Requested size: 32.00082pt x 30.0009pt.

<stamp-4-orange.png, id=1137, 32.05963pt x 30.2024pt> [93

 <./stamp-1-purple.png> <./stamp-2-purple.png> <./stamp-3-purple.png>]
File: stamp-4-orange.png Graphic file (type png)
 <use stamp-4-orange.png>
Package pdftex.def Info: stamp-4-orange.png used on input line 2065.
(pdftex.def)             Requested size: 32.00082pt x 30.0009pt.

<stamp-5-orange.png, id=1149, 32.05963pt x 30.2024pt>
File: stamp-5-orange.png Graphic file (type png)
 <use stamp-5-orange.png>
Package pdftex.def Info: stamp-5-orange.png used on input line 2065.
(pdftex.def)             Requested size: 32.00082pt x 30.0009pt.

<stamp-6-orange.png, id=1150, 32.05963pt x 30.2024pt>
File: stamp-6-orange.png Graphic file (type png)
 <use stamp-6-orange.png>
Package pdftex.def Info: stamp-6-orange.png used on input line 2067.
(pdftex.def)             Requested size: 32.00082pt x 30.0009pt.

<stamp-7-orange.png, id=1151, 32.05963pt x 30.2024pt>
File: stamp-7-orange.png Graphic file (type png)
 <use stamp-7-orange.png>
Package pdftex.def Info: stamp-7-orange.png used on input line 2078.
(pdftex.def)             Requested size: 32.00082pt x 30.0009pt.

[94 <./extending-node-information-flow.png> <./stamp-4-orange.png> <./stamp-5-o
range.png> <./stamp-6-orange.png>] [95 <./stamp-7-orange.png>]
<iCS_ObjectInstanceIcon_32x32.png, id=1169, 31.25189pt x 31.25189pt>
File: iCS_ObjectInstanceIcon_32x32.png Graphic file (type png)

<use iCS_ObjectInstanceIcon_32x32.png>
Package pdftex.def Info: iCS_ObjectInstanceIcon_32x32.png used on input line 21
09.
(pdftex.def)             Requested size: 31.00143pt x 31.00143pt.

<iCS_InputPort-64x64.png, id=1170, 32.12pt x 32.12pt>
File: iCS_InputPort-64x64.png Graphic file (type png)

<use iCS_InputPort-64x64.png>
Package pdftex.def Info: iCS_InputPort-64x64.png used on input line 2109.
(pdftex.def)             Requested size: 32.00227pt x 32.00227pt.

<iCS_OutputPort-64x64.png, id=1171, 32.12pt x 32.12pt>
File: iCS_OutputPort-64x64.png Graphic file (type png)

<use iCS_OutputPort-64x64.png>
Package pdftex.def Info: iCS_OutputPort-64x64.png used on input line 2109.
(pdftex.def)             Requested size: 32.00227pt x 32.00227pt.
File: iCS_InputPort-64x64.png Graphic file (type png)
 <use iCS_InputPort-64x64.png>
Package pdftex.def Info: iCS_InputPort-64x64.png used on input line 2109.
(pdftex.def)             Requested size: 32.00227pt x 32.00227pt.
File: iCS_OutputPort-64x64.png Graphic file (type png)

<use iCS_OutputPort-64x64.png>
Package pdftex.def Info: iCS_OutputPort-64x64.png used on input line 2109.
(pdftex.def)             Requested size: 32.00227pt x 32.00227pt.

<iCS_BuilderIcon_32x32.png, id=1172, 31.25189pt x 31.25189pt>
File: iCS_BuilderIcon_32x32.png Graphic file (type png)

<use iCS_BuilderIcon_32x32.png>
Package pdftex.def Info: iCS_BuilderIcon_32x32.png used on input line 2109.
(pdftex.def)             Requested size: 31.00143pt x 31.00143pt.

<iCS_FunctionIcon.png, id=1173, 31.25189pt x 31.25189pt>
File: iCS_FunctionIcon.png Graphic file (type png)

<use iCS_FunctionIcon.png>
Package pdftex.def Info: iCS_FunctionIcon.png used on input line 2109.
(pdftex.def)             Requested size: 31.00143pt x 31.00143pt.
File: iCS_FunctionIcon.png Graphic file (type png)
 <use iCS_FunctionIcon.png>
Package pdftex.def Info: iCS_FunctionIcon.png used on input line 2109.
(pdftex.def)             Requested size: 31.00143pt x 31.00143pt.
File: iCS_ObjectInstanceIcon_32x32.png Graphic file (type png)

<use iCS_ObjectInstanceIcon_32x32.png>
Package pdftex.def Info: iCS_ObjectInstanceIcon_32x32.png used on input line 21
09.
(pdftex.def)             Requested size: 31.00143pt x 31.00143pt.
File: iCS_InputPort-64x64.png Graphic file (type png)
 <use iCS_InputPort-64x64.png>
Package pdftex.def Info: iCS_InputPort-64x64.png used on input line 2109.
(pdftex.def)             Requested size: 32.00227pt x 32.00227pt.
File: iCS_OutputPort-64x64.png Graphic file (type png)

<use iCS_OutputPort-64x64.png>
Package pdftex.def Info: iCS_OutputPort-64x64.png used on input line 2109.
(pdftex.def)             Requested size: 32.00227pt x 32.00227pt.
File: iCS_InputPort-64x64.png Graphic file (type png)
 <use iCS_InputPort-64x64.png>
Package pdftex.def Info: iCS_InputPort-64x64.png used on input line 2109.
(pdftex.def)             Requested size: 32.00227pt x 32.00227pt.
File: iCS_OutputPort-64x64.png Graphic file (type png)

<use iCS_OutputPort-64x64.png>
Package pdftex.def Info: iCS_OutputPort-64x64.png used on input line 2109.
(pdftex.def)             Requested size: 32.00227pt x 32.00227pt.
File: iCS_BuilderIcon_32x32.png Graphic file (type png)
 <use iCS_BuilderIcon_32x32.png>
Package pdftex.def Info: iCS_BuilderIcon_32x32.png used on input line 2109.
(pdftex.def)             Requested size: 31.00143pt x 31.00143pt.
File: iCS_FunctionIcon.png Graphic file (type png)

<use iCS_FunctionIcon.png>
Package pdftex.def Info: iCS_FunctionIcon.png used on input line 2109.
(pdftex.def)             Requested size: 31.00143pt x 31.00143pt.
File: iCS_FunctionIcon.png Graphic file (type png)
 <use iCS_FunctionIcon.png>
Package pdftex.def Info: iCS_FunctionIcon.png used on input line 2109.
(pdftex.def)             Requested size: 31.00143pt x 31.00143pt.
 [96

 <./iCS_ObjectInstanceIcon_32x32.png> <./iCS_InputPort-64x64.png> <./iCS_Output
Port-64x64.png> <./iCS_BuilderIcon_32x32.png> <./iCS_FunctionIcon.png>]
Overfull \hbox (79.77711pt too wide) in paragraph at lines 2141--2141
\T1/cmr/bx/n/9 panyCompanyIconLibraryIconTooltipBaseVisibility|  
 []


Overfull \hbox (4.77994pt too wide) in paragraph at lines 2141--2141
[]\T1/cmr/bx/n/9 iCS_Function|  
 []


Overfull \hbox (2.96092pt too wide) in paragraph at lines 2141--2141
[]\T1/cmr/bx/n/9 iCS_OutPort|  
 []


Overfull \hbox (12.8918pt too wide) in paragraph at lines 2141--2141
[]\T1/cmr/bx/n/9 iCS_InOutPort|  
 []

<attribute-ics_class-example.png, id=1186, 478.78876pt x 203.76125pt>
File: attribute-ics_class-example.png Graphic file (type png)

<use attribute-ics_class-example.png>
Package pdftex.def Info: attribute-ics_class-example.png used on input line 218
4.
(pdftex.def)             Requested size: 397.00006pt x 168.95389pt.
 [97]
<attribute-ics_function-example.png, id=1194, 481.14893pt x 219.41432pt>
File: attribute-ics_function-example.png Graphic file (type png)

<use attribute-ics_function-example.png>
Package pdftex.def Info: attribute-ics_function-example.png used on input line 
2205.
(pdftex.def)             Requested size: 479.01865pt x 219.00531pt.

Overfull \hbox (82.01865pt too wide) in paragraph at lines 2205--2206
 [][] 
 []


Overfull \hbox (5.95703pt too wide) in paragraph at lines 2213--2214
\T1/cmr/m/n/10 You can pub-lish to the iCan-Script li-brary your C# fields us-i
ng the \T1/cmr/m/it/10 iCS_InPort\T1/cmr/m/n/10 , \T1/cmr/m/it/10 iCS_OutPort\T
1/cmr/m/n/10 ,
 []

[98 <./attribute-ics_class-example.png> <./attribute-ics_function-example.png>]
<attribute-iCS_xxPort-example.png, id=1204, 577.15625pt x 219.82124pt>
File: attribute-iCS_xxPort-example.png Graphic file (type png)

<use attribute-iCS_xxPort-example.png>
Package pdftex.def Info: attribute-iCS_xxPort-example.png used on input line 22
24.
(pdftex.def)             Requested size: 397.0141pt x 151.21057pt.
 [99 <./attribute-iCS_xxPort-example.png>] <extending-custom-installer.png, id=
1212, 428.60126pt x 254.9525pt>
File: extending-custom-installer.png Graphic file (type png)

<use extending-custom-installer.png>
Package pdftex.def Info: extending-custom-installer.png used on input line 2270
.
(pdftex.def)             Requested size: 397.00584pt x 236.15802pt.
File: stamp-1-purple.png Graphic file (type png)
 <use stamp-1-purple.png>
Package pdftex.def Info: stamp-1-purple.png used on input line 2275.
(pdftex.def)             Requested size: 32.00082pt x 30.0009pt.
 [100

]
<stamp-2-orange.png, id=1217, 32.05963pt x 30.2024pt>
File: stamp-2-orange.png Graphic file (type png)
 <use stamp-2-orange.png>
Package pdftex.def Info: stamp-2-orange.png used on input line 2277.
(pdftex.def)             Requested size: 32.00082pt x 30.0009pt.

<custom-installer-template-file.png, id=1218, 763.85374pt x 874.26625pt>
File: custom-installer-template-file.png Graphic file (type png)

<use custom-installer-template-file.png>
Package pdftex.def Info: custom-installer-template-file.png used on input line 
2291.
(pdftex.def)             Requested size: 384.0006pt x 439.5066pt.
File: stamp-1-purple.png Graphic file (type png)
 <use stamp-1-purple.png>
Package pdftex.def Info: stamp-1-purple.png used on input line 2296.
(pdftex.def)             Requested size: 32.00082pt x 30.0009pt.
File: stamp-2-purple.png Graphic file (type png)

<use stamp-2-purple.png>
Package pdftex.def Info: stamp-2-purple.png used on input line 2298.
(pdftex.def)             Requested size: 32.00082pt x 30.0009pt.
 [101 <./extending-custom-installer.png> <./stamp-2-orange.png>] [102 <./custom
-installer-template-file.png>]
File: stamp-3-purple.png Graphic file (type png)

<use stamp-3-purple.png>
Package pdftex.def Info: stamp-3-purple.png used on input line 2301.
(pdftex.def)             Requested size: 32.00082pt x 30.0009pt.
 <stamp-4-purple.png, id=1232, 32.05963pt x 30.2024pt>
File: stamp-4-purple.png Graphic file (type png)

<use stamp-4-purple.png>
Package pdftex.def Info: stamp-4-purple.png used on input line 2303.
(pdftex.def)             Requested size: 32.00082pt x 30.0009pt.
File: stamp-5-orange.png Graphic file (type png)
 <use stamp-5-orange.png>
Package pdftex.def Info: stamp-5-orange.png used on input line 2305.
(pdftex.def)             Requested size: 32.00082pt x 30.0009pt.
 [103 <./stamp-4-purple.png>]
<behaviour-message-handlers2.png, id=1240, 632.3625pt x 328.22626pt>
File: behaviour-message-handlers2.png Graphic file (type png)

<use behaviour-message-handlers2.png>
Package pdftex.def Info: behaviour-message-handlers2.png used on input line 232
9.
(pdftex.def)             Requested size: 397.01067pt x 206.06744pt.

Overfull \hbox (12.40002pt too wide) in paragraph at lines 2341--2341
[]                                            \T1/cmtt/m/n/10 iCS_FunctionRetur
n functionReturn,[] 
 []

[104

] [105 <./behaviour-message-handlers2.png>] [106

] [107

]
(./mmd-scrivcustom-footer.tex (../latex/mmd-icanscript-user-guide-footer.tex
No file iCanScript-User-Guide.gls.
No file iCanScript-User-Guide.ind.
)) [108]
\tf@toc=\write10
\openout10 = `iCanScript-User-Guide.toc'.

Package atveryend Info: Empty hook `BeforeClearDocument' on input line 2512.
Package atveryend Info: Empty hook `AfterLastShipout' on input line 2512.
 (./iCanScript-User-Guide.aux)
Package atveryend Info: Executing hook `AtVeryEndDocument' on input line 2512.
Package atveryend Info: Executing hook `AtEndAfterFileList' on input line 2512.

Package rerunfilecheck Info: File `iCanScript-User-Guide.out' has not changed.
(rerunfilecheck)             Checksum: B23D2BA46DCC8780E66FCB518AD301B8;5156.


LaTeX Warning: There were multiply-defined labels.

 ) 
Here is how much of TeX's memory you used:
 15658 strings out of 493315
 226759 string characters out of 6137904
 413278 words of memory out of 5000000
 18403 multiletter control sequences out of 15000+600000
 26188 words of font info for 56 fonts, out of 8000000 for 9000
 957 hyphenation exceptions out of 8191
 58i,16n,45p,1597b,575s stack positions out of 5000i,500n,10000p,200000b,80000s
{/usr/local/texlive/2013/texmf-dist/fonts/enc/dvips/cm-super/cm-super-t1.enc}
</usr/local/texlive/2013/texmf-dist/fonts/type1/public/amsfonts/cm/cmmi10.pfb><
/usr/local/texlive/2013/texmf-dist/fonts/type1/public/amsfonts/cm/cmmi9.pfb></u
sr/local/texlive/2013/texmf-dist/fonts/type1/public/amsfonts/cm/cmsy10.pfb></us
r/local/texlive/2013/texmf-dist/fonts/type1/public/cm-super/sfbi0900.pfb></usr/
local/texlive/2013/texmf-dist/fonts/type1/public/cm-super/sfbi1000.pfb></usr/lo
cal/texlive/2013/texmf-dist/fonts/type1/public/cm-super/sfbi1200.pfb></usr/loca
l/texlive/2013/texmf-dist/fonts/type1/public/cm-super/sfbx0900.pfb></usr/local/
texlive/2013/texmf-dist/fonts/type1/public/cm-super/sfbx1000.pfb></usr/local/te
xlive/2013/texmf-dist/fonts/type1/public/cm-super/sfbx1095.pfb></usr/local/texl
ive/2013/texmf-dist/fonts/type1/public/cm-super/sfbx1200.pfb></usr/local/texliv
e/2013/texmf-dist/fonts/type1/public/cm-super/sfbx1728.pfb></usr/local/texlive/
2013/texmf-dist/fonts/type1/public/cm-super/sfbx2074.pfb></usr/local/texlive/20
13/texmf-dist/fonts/type1/public/cm-super/sfrm0600.pfb></usr/local/texlive/2013
/texmf-dist/fonts/type1/public/cm-super/sfrm0700.pfb></usr/local/texlive/2013/t
exmf-dist/fonts/type1/public/cm-super/sfrm0800.pfb></usr/local/texlive/2013/tex
mf-dist/fonts/type1/public/cm-super/sfrm0900.pfb></usr/local/texlive/2013/texmf
-dist/fonts/type1/public/cm-super/sfrm1000.pfb></usr/local/texlive/2013/texmf-d
ist/fonts/type1/public/cm-super/sfrm1200.pfb></usr/local/texlive/2013/texmf-dis
t/fonts/type1/public/cm-super/sfsl1000.pfb></usr/local/texlive/2013/texmf-dist/
fonts/type1/public/cm-super/sfti0600.pfb></usr/local/texlive/2013/texmf-dist/fo
nts/type1/public/cm-super/sfti0700.pfb></usr/local/texlive/2013/texmf-dist/font
s/type1/public/cm-super/sfti0900.pfb></usr/local/texlive/2013/texmf-dist/fonts/
type1/public/cm-super/sfti1000.pfb></usr/local/texlive/2013/texmf-dist/fonts/ty
pe1/public/cm-super/sftt1000.pfb>
Output written on iCanScript-User-Guide.pdf (112 pages, 5514828 bytes).
PDF statistics:
 1428 PDF objects out of 1440 (max. 8388607)
 1106 compressed objects within 12 object streams
 344 named destinations out of 1000 (max. 500000)
 1055 words of extra memory for PDF output out of 10000 (max. 10000000)

