\BOOKMARK [0][-]{section*.1}{Contents}{}% 1
\BOOKMARK [-1][-]{part.1}{Introduction}{}% 2
\BOOKMARK [0][-]{chapter.1}{What is iCanScript?}{part.1}% 3
\BOOKMARK [0][-]{chapter.2}{Feature Overview}{part.1}% 4
\BOOKMARK [0][-]{chapter.3}{When to use Visual Scripts?}{part.1}% 5
\BOOKMARK [0][-]{chapter.4}{Who will Benefit from Using iCanScript?}{part.1}% 6
\BOOKMARK [-1][-]{part.2}{Installation \046 Upgrade}{}% 7
\BOOKMARK [0][-]{chapter.5}{Installation}{part.2}% 8
\BOOKMARK [0][-]{chapter.6}{Removing iCanScript}{part.2}% 9
\BOOKMARK [0][-]{chapter.7}{Upgrading iCanScript}{part.2}% 10
\BOOKMARK [-1][-]{part.3}{Visual Script Anatomy}{}% 11
\BOOKMARK [0][-]{chapter.8}{Nodes, Ports, and Bindings}{part.3}% 12
\BOOKMARK [0][-]{chapter.9}{Node Anatomy}{part.3}% 13
\BOOKMARK [0][-]{chapter.10}{Specialized Nodes}{part.3}% 14
\BOOKMARK [0][-]{chapter.11}{Port Types}{part.3}% 15
\BOOKMARK [0][-]{chapter.12}{Node Nesting}{part.3}% 16
\BOOKMARK [0][-]{chapter.13}{Data Flow Diagram}{part.3}% 17
\BOOKMARK [0][-]{chapter.14}{State Chart Diagram}{part.3}% 18
\BOOKMARK [1][-]{section.14.1}{States}{chapter.14}% 19
\BOOKMARK [1][-]{section.14.2}{Transitions}{chapter.14}% 20
\BOOKMARK [-1][-]{part.4}{Integration with Unity}{}% 21
\BOOKMARK [0][-]{chapter.15}{Unity Integration}{part.4}% 22
\BOOKMARK [0][-]{chapter.16}{Adding a Visual Script}{part.4}% 23
\BOOKMARK [0][-]{chapter.17}{Libraries \046 Prefabs}{part.4}% 24
\BOOKMARK [-1][-]{part.5}{How To}{}% 25
\BOOKMARK [-1][-]{part.6}{Example Project}{}% 26
\BOOKMARK [0][-]{chapter.18}{Objective}{part.6}% 27
\BOOKMARK [0][-]{chapter.19}{Storyline}{part.6}% 28
\BOOKMARK [0][-]{chapter.20}{Our Actors}{part.6}% 29
\BOOKMARK [0][-]{chapter.21}{Creating the Unity Project}{part.6}% 30
\BOOKMARK [1][-]{section.21.1}{Adding Actors to the Scene}{chapter.21}% 31
\BOOKMARK [1][-]{section.21.2}{Hiding the Trigger Zones}{chapter.21}% 32
\BOOKMARK [0][-]{chapter.22}{Opening the iCanScript Editors}{part.6}% 33
\BOOKMARK [0][-]{chapter.23}{Moving Mr Cube \(step 1\)}{part.6}% 34
\BOOKMARK [1][-]{section.23.1}{Installing a Visual Script on Mr Cube}{chapter.23}% 35
\BOOKMARK [1][-]{section.23.2}{Installing the Update Message Handler}{chapter.23}% 36
\BOOKMARK [1][-]{section.23.3}{Visual Script Overview}{chapter.23}% 37
\BOOKMARK [1][-]{section.23.4}{Creating the ``Move Mr Cube Package''}{chapter.23}% 38
\BOOKMARK [1][-]{section.23.5}{Adding Mr Cube to the Visual Script}{chapter.23}% 39
\BOOKMARK [1][-]{section.23.6}{Exposing the Transform of Mr Cube}{chapter.23}% 40
\BOOKMARK [1][-]{section.23.7}{Adding the Translation operation to the Transform node}{chapter.23}% 41
\BOOKMARK [1][-]{section.23.8}{Moving with Consistent Velocity}{chapter.23}% 42
\BOOKMARK [1][-]{section.23.9}{Controlling Speed and Direction Separately}{chapter.23}% 43
\BOOKMARK [1][-]{section.23.10}{Publishing the Interface}{chapter.23}% 44
\BOOKMARK [1][-]{section.23.11}{Running the Move Mr Cube Visual Script}{chapter.23}% 45
\BOOKMARK [1][-]{section.23.12}{Accessing Runtime Information}{chapter.23}% 46
\BOOKMARK [1][-]{section.23.13}{Recap on Your First Visual Script}{chapter.23}% 47
\BOOKMARK [0][-]{chapter.24}{Enabling \046 Disabling Ms Light}{part.6}% 48
\BOOKMARK [0][-]{chapter.25}{Homing on Ms Light}{part.6}% 49
\BOOKMARK [0][-]{chapter.26}{Creating a Timer Utility}{part.6}% 50
\BOOKMARK [0][-]{chapter.27}{Changing Direction}{part.6}% 51
\BOOKMARK [0][-]{chapter.28}{Mr Cube Roaming State}{part.6}% 52
\BOOKMARK [0][-]{chapter.29}{Adding a Panic State}{part.6}% 53
\BOOKMARK [0][-]{chapter.30}{Beautifying your Scripts}{part.6}% 54
\BOOKMARK [-1][-]{part.7}{User Interface}{}% 55
\BOOKMARK [0][-]{chapter.31}{Menus}{part.7}% 56
\BOOKMARK [1][-]{section.31.1}{Edit Menu}{chapter.31}% 57
\BOOKMARK [1][-]{section.31.2}{Component Menus}{chapter.31}% 58
\BOOKMARK [1][-]{section.31.3}{Window Menu}{chapter.31}% 59
\BOOKMARK [1][-]{section.31.4}{Help Menu}{chapter.31}% 60
\BOOKMARK [-1][-]{part.8}{Extending iCanScript}{}% 61
\BOOKMARK [0][-]{chapter.32}{Extending iCanScript}{part.8}% 62
\BOOKMARK [0][-]{chapter.33}{Tagging your Source Code}{part.8}% 63
\BOOKMARK [1][-]{section.33.1}{iCanScript .NET Attribute Reference}{chapter.33}% 64
\BOOKMARK [1][-]{section.33.2}{iCS\137Class Attribute}{chapter.33}% 65
\BOOKMARK [1][-]{section.33.3}{iCS\137Function Attribute}{chapter.33}% 66
\BOOKMARK [1][-]{section.33.4}{iCS\137InPort, iCS\137OutPort, and iCS\137InOutPort Attributes}{chapter.33}% 67
\BOOKMARK [0][-]{chapter.34}{Importing Public Members}{part.8}% 68
\BOOKMARK [1][-]{section.34.1}{Understanding the Custom Installer}{chapter.34}% 69
\BOOKMARK [1][-]{section.34.2}{Modifying the Custom Installer Template}{chapter.34}% 70
\BOOKMARK [0][-]{chapter.35}{Adding Message Handlers}{part.8}% 71
\BOOKMARK [-1][-]{part.9}{Appendices}{}% 72
\BOOKMARK [0][-]{chapter.36}{Keyboard Shortcuts}{part.9}% 73
\BOOKMARK [1][-]{section.36.1}{Visual Script Navigation}{chapter.36}% 74
\BOOKMARK [1][-]{section.36.2}{Selection Navigation}{chapter.36}% 75
\BOOKMARK [1][-]{section.36.3}{Bookmarks}{chapter.36}% 76
\BOOKMARK [1][-]{section.36.4}{Expand /Fold}{chapter.36}% 77
\BOOKMARK [1][-]{section.36.5}{Edition}{chapter.36}% 78
